ARM GAS  /tmp/cc88eXY4.s 			page 1


   1              		.cpu cortex-m3
   2              		.eabi_attribute 20, 1
   3              		.eabi_attribute 21, 1
   4              		.eabi_attribute 23, 3
   5              		.eabi_attribute 24, 1
   6              		.eabi_attribute 25, 1
   7              		.eabi_attribute 26, 1
   8              		.eabi_attribute 30, 6
   9              		.eabi_attribute 34, 1
  10              		.eabi_attribute 18, 4
  11              		.file	"croutine.c"
  12              		.text
  13              	.Ltext0:
  14              		.cfi_sections	.debug_frame
  15              	.Letext0:
  16              		.file 1 "/usr/include/newlib/machine/_default_types.h"
  17              		.file 2 "/usr/include/newlib/sys/_stdint.h"
  18              		.file 3 "include/FreeRTOSConfig.h"
  19              		.section	.debug_info,"",%progbits
  20              	.Ldebug_info0:
  21 0000 8F000000 		.4byte	0x8f
  22 0004 0400     		.2byte	0x4
  23 0006 00000000 		.4byte	.Ldebug_abbrev0
  24 000a 04       		.byte	0x4
  25 000b 01       		.uleb128 0x1
  26 000c 41000000 		.4byte	.LASF13
  27 0010 0C       		.byte	0xc
  28 0011 F1000000 		.4byte	.LASF14
  29 0015 1B000000 		.4byte	.LASF15
  30 0019 00000000 		.4byte	.Ldebug_line0
  31 001d 02       		.uleb128 0x2
  32 001e 04       		.byte	0x4
  33 001f 05       		.byte	0x5
  34 0020 696E7400 		.ascii	"int\000"
  35 0024 03       		.uleb128 0x3
  36 0025 04       		.byte	0x4
  37 0026 07       		.byte	0x7
  38 0027 0E000000 		.4byte	.LASF0
  39 002b 03       		.uleb128 0x3
  40 002c 01       		.byte	0x1
  41 002d 06       		.byte	0x6
  42 002e 1F010000 		.4byte	.LASF1
  43 0032 03       		.uleb128 0x3
  44 0033 01       		.byte	0x1
  45 0034 08       		.byte	0x8
  46 0035 CC000000 		.4byte	.LASF2
  47 0039 03       		.uleb128 0x3
  48 003a 02       		.byte	0x2
  49 003b 05       		.byte	0x5
  50 003c 2B010000 		.4byte	.LASF3
  51 0040 03       		.uleb128 0x3
  52 0041 02       		.byte	0x2
  53 0042 07       		.byte	0x7
  54 0043 0C010000 		.4byte	.LASF4
  55 0047 03       		.uleb128 0x3
  56 0048 04       		.byte	0x4
  57 0049 05       		.byte	0x5
ARM GAS  /tmp/cc88eXY4.s 			page 2


  58 004a E8000000 		.4byte	.LASF5
  59 004e 04       		.uleb128 0x4
  60 004f 88000000 		.4byte	.LASF9
  61 0053 01       		.byte	0x1
  62 0054 41       		.byte	0x41
  63 0055 59000000 		.4byte	0x59
  64 0059 03       		.uleb128 0x3
  65 005a 04       		.byte	0x4
  66 005b 07       		.byte	0x7
  67 005c A3000000 		.4byte	.LASF6
  68 0060 03       		.uleb128 0x3
  69 0061 08       		.byte	0x8
  70 0062 05       		.byte	0x5
  71 0063 00000000 		.4byte	.LASF7
  72 0067 03       		.uleb128 0x3
  73 0068 08       		.byte	0x8
  74 0069 07       		.byte	0x7
  75 006a B5000000 		.4byte	.LASF8
  76 006e 04       		.uleb128 0x4
  77 006f DF000000 		.4byte	.LASF10
  78 0073 02       		.byte	0x2
  79 0074 30       		.byte	0x30
  80 0075 4E000000 		.4byte	0x4e
  81 0079 05       		.uleb128 0x5
  82 007a 93000000 		.4byte	.LASF16
  83 007e 03       		.byte	0x3
  84 007f 2B       		.byte	0x2b
  85 0080 6E000000 		.4byte	0x6e
  86 0084 03       		.uleb128 0x3
  87 0085 04       		.byte	0x4
  88 0086 07       		.byte	0x7
  89 0087 35010000 		.4byte	.LASF11
  90 008b 03       		.uleb128 0x3
  91 008c 01       		.byte	0x1
  92 008d 08       		.byte	0x8
  93 008e DA000000 		.4byte	.LASF12
  94 0092 00       		.byte	0
  95              		.section	.debug_abbrev,"",%progbits
  96              	.Ldebug_abbrev0:
  97 0000 01       		.uleb128 0x1
  98 0001 11       		.uleb128 0x11
  99 0002 01       		.byte	0x1
 100 0003 25       		.uleb128 0x25
 101 0004 0E       		.uleb128 0xe
 102 0005 13       		.uleb128 0x13
 103 0006 0B       		.uleb128 0xb
 104 0007 03       		.uleb128 0x3
 105 0008 0E       		.uleb128 0xe
 106 0009 1B       		.uleb128 0x1b
 107 000a 0E       		.uleb128 0xe
 108 000b 10       		.uleb128 0x10
 109 000c 17       		.uleb128 0x17
 110 000d 00       		.byte	0
 111 000e 00       		.byte	0
 112 000f 02       		.uleb128 0x2
 113 0010 24       		.uleb128 0x24
 114 0011 00       		.byte	0
ARM GAS  /tmp/cc88eXY4.s 			page 3


 115 0012 0B       		.uleb128 0xb
 116 0013 0B       		.uleb128 0xb
 117 0014 3E       		.uleb128 0x3e
 118 0015 0B       		.uleb128 0xb
 119 0016 03       		.uleb128 0x3
 120 0017 08       		.uleb128 0x8
 121 0018 00       		.byte	0
 122 0019 00       		.byte	0
 123 001a 03       		.uleb128 0x3
 124 001b 24       		.uleb128 0x24
 125 001c 00       		.byte	0
 126 001d 0B       		.uleb128 0xb
 127 001e 0B       		.uleb128 0xb
 128 001f 3E       		.uleb128 0x3e
 129 0020 0B       		.uleb128 0xb
 130 0021 03       		.uleb128 0x3
 131 0022 0E       		.uleb128 0xe
 132 0023 00       		.byte	0
 133 0024 00       		.byte	0
 134 0025 04       		.uleb128 0x4
 135 0026 16       		.uleb128 0x16
 136 0027 00       		.byte	0
 137 0028 03       		.uleb128 0x3
 138 0029 0E       		.uleb128 0xe
 139 002a 3A       		.uleb128 0x3a
 140 002b 0B       		.uleb128 0xb
 141 002c 3B       		.uleb128 0x3b
 142 002d 0B       		.uleb128 0xb
 143 002e 49       		.uleb128 0x49
 144 002f 13       		.uleb128 0x13
 145 0030 00       		.byte	0
 146 0031 00       		.byte	0
 147 0032 05       		.uleb128 0x5
 148 0033 34       		.uleb128 0x34
 149 0034 00       		.byte	0
 150 0035 03       		.uleb128 0x3
 151 0036 0E       		.uleb128 0xe
 152 0037 3A       		.uleb128 0x3a
 153 0038 0B       		.uleb128 0xb
 154 0039 3B       		.uleb128 0x3b
 155 003a 0B       		.uleb128 0xb
 156 003b 49       		.uleb128 0x49
 157 003c 13       		.uleb128 0x13
 158 003d 3F       		.uleb128 0x3f
 159 003e 19       		.uleb128 0x19
 160 003f 3C       		.uleb128 0x3c
 161 0040 19       		.uleb128 0x19
 162 0041 00       		.byte	0
 163 0042 00       		.byte	0
 164 0043 00       		.byte	0
 165              		.section	.debug_aranges,"",%progbits
 166 0000 14000000 		.4byte	0x14
 167 0004 0200     		.2byte	0x2
 168 0006 00000000 		.4byte	.Ldebug_info0
 169 000a 04       		.byte	0x4
 170 000b 00       		.byte	0
 171 000c 0000     		.2byte	0
ARM GAS  /tmp/cc88eXY4.s 			page 4


 172 000e 0000     		.2byte	0
 173 0010 00000000 		.4byte	0
 174 0014 00000000 		.4byte	0
 175              		.section	.debug_line,"",%progbits
 176              	.Ldebug_line0:
 177 0000 8A000000 		.section	.debug_str,"MS",%progbits,1
 177      02008400 
 177      00000201 
 177      FB0E0D00 
 177      01010101 
 178              	.LASF7:
 179 0000 6C6F6E67 		.ascii	"long long int\000"
 179      206C6F6E 
 179      6720696E 
 179      7400
 180              	.LASF0:
 181 000e 756E7369 		.ascii	"unsigned int\000"
 181      676E6564 
 181      20696E74 
 181      00
 182              	.LASF15:
 183 001b 2F686F6D 		.ascii	"/home/sls/workspace/stm32f103c8-blink\000"
 183      652F736C 
 183      732F776F 
 183      726B7370 
 183      6163652F 
 184              	.LASF13:
 185 0041 474E5520 		.ascii	"GNU C99 6.3.1 20170620 -mthumb -mcpu=cortex-m3 -g -"
 185      43393920 
 185      362E332E 
 185      31203230 
 185      31373036 
 186 0074 7374643D 		.ascii	"std=c99 -fno-common\000"
 186      63393920 
 186      2D666E6F 
 186      2D636F6D 
 186      6D6F6E00 
 187              	.LASF9:
 188 0088 5F5F7569 		.ascii	"__uint32_t\000"
 188      6E743332 
 188      5F7400
 189              	.LASF16:
 190 0093 53797374 		.ascii	"SystemCoreClock\000"
 190      656D436F 
 190      7265436C 
 190      6F636B00 
 191              	.LASF6:
 192 00a3 6C6F6E67 		.ascii	"long unsigned int\000"
 192      20756E73 
 192      69676E65 
 192      6420696E 
 192      7400
 193              	.LASF8:
 194 00b5 6C6F6E67 		.ascii	"long long unsigned int\000"
 194      206C6F6E 
 194      6720756E 
 194      7369676E 
ARM GAS  /tmp/cc88eXY4.s 			page 5


 194      65642069 
 195              	.LASF2:
 196 00cc 756E7369 		.ascii	"unsigned char\000"
 196      676E6564 
 196      20636861 
 196      7200
 197              	.LASF12:
 198 00da 63686172 		.ascii	"char\000"
 198      00
 199              	.LASF10:
 200 00df 75696E74 		.ascii	"uint32_t\000"
 200      33325F74 
 200      00
 201              	.LASF5:
 202 00e8 6C6F6E67 		.ascii	"long int\000"
 202      20696E74 
 202      00
 203              	.LASF14:
 204 00f1 46726565 		.ascii	"FreeRTOS/Source/croutine.c\000"
 204      52544F53 
 204      2F536F75 
 204      7263652F 
 204      63726F75 
 205              	.LASF4:
 206 010c 73686F72 		.ascii	"short unsigned int\000"
 206      7420756E 
 206      7369676E 
 206      65642069 
 206      6E7400
 207              	.LASF1:
 208 011f 7369676E 		.ascii	"signed char\000"
 208      65642063 
 208      68617200 
 209              	.LASF3:
 210 012b 73686F72 		.ascii	"short int\000"
 210      7420696E 
 210      7400
 211              	.LASF11:
 212 0135 73697A65 		.ascii	"sizetype\000"
 212      74797065 
 212      00
 213              		.ident	"GCC: (15:6.3.1+svn253039-1build1) 6.3.1 20170620"
ARM GAS  /tmp/cc88eXY4.s 			page 6


DEFINED SYMBOLS
                            *ABS*:0000000000000000 croutine.c

NO UNDEFINED SYMBOLS
