ARM GAS  /tmp/cclx0cW1.s 			page 1


   1              		.cpu cortex-m3
   2              		.eabi_attribute 20, 1
   3              		.eabi_attribute 21, 1
   4              		.eabi_attribute 23, 3
   5              		.eabi_attribute 24, 1
   6              		.eabi_attribute 25, 1
   7              		.eabi_attribute 26, 1
   8              		.eabi_attribute 30, 6
   9              		.eabi_attribute 34, 1
  10              		.eabi_attribute 18, 4
  11              		.file	"main.c"
  12              		.text
  13              	.Ltext0:
  14              		.cfi_sections	.debug_frame
  15              		.section	.rodata
  16              		.align	2
  17              	.LC0:
  18 0000 626C696E 		.ascii	"blinkLed\000"
  18      6B4C6564 
  18      00
  19              		.text
  20              		.align	1
  21              		.global	main
  22              		.syntax unified
  23              		.thumb
  24              		.thumb_func
  25              		.fpu softvfp
  26              		.type	main, %function
  27              	main:
  28              	.LFB68:
  29              		.file 1 "src/main.c"
   1:src/main.c    **** /**
   2:src/main.c    ****  * STM32F103C8 Blink Demonstration
   3:src/main.c    ****  *
   4:src/main.c    ****  * Kevin Cuzner
   5:src/main.c    ****  */
   6:src/main.c    **** 
   7:src/main.c    **** #include "stm32f1xx.h"
   8:src/main.c    **** #include "FreeRTOS.h"
   9:src/main.c    **** #include "task.h"
  10:src/main.c    **** 
  11:src/main.c    **** void blinkLedTask(void *pvParameters);
  12:src/main.c    **** 
  13:src/main.c    **** int main(void)
  14:src/main.c    **** {
  30              		.loc 1 14 0
  31              		.cfi_startproc
  32              		@ args = 0, pretend = 0, frame = 0
  33              		@ frame_needed = 1, uses_anonymous_args = 0
  34 0000 80B5     		push	{r7, lr}
  35              		.cfi_def_cfa_offset 8
  36              		.cfi_offset 7, -8
  37              		.cfi_offset 14, -4
  38 0002 82B0     		sub	sp, sp, #8
  39              		.cfi_def_cfa_offset 16
  40 0004 02AF     		add	r7, sp, #8
  41              		.cfi_def_cfa 7, 8
ARM GAS  /tmp/cclx0cW1.s 			page 2


  15:src/main.c    ****     /* Create the task, storing the handle. */
  16:src/main.c    ****     xTaskCreate(blinkLedTask, "blinkLed", configMINIMAL_STACK_SIZE, NULL, 1, NULL);
  42              		.loc 1 16 0
  43 0006 0023     		movs	r3, #0
  44 0008 0193     		str	r3, [sp, #4]
  45 000a 0123     		movs	r3, #1
  46 000c 0093     		str	r3, [sp]
  47 000e 0023     		movs	r3, #0
  48 0010 8022     		movs	r2, #128
  49 0012 0349     		ldr	r1, .L3
  50 0014 0348     		ldr	r0, .L3+4
  51 0016 FFF7FEFF 		bl	xTaskCreate
  17:src/main.c    ****     // Start scheduler
  18:src/main.c    ****     vTaskStartScheduler();
  52              		.loc 1 18 0
  53 001a FFF7FEFF 		bl	vTaskStartScheduler
  54              	.L2:
  19:src/main.c    ****     // Should never get here
  20:src/main.c    ****     while(1);
  55              		.loc 1 20 0 discriminator 1
  56 001e FEE7     		b	.L2
  57              	.L4:
  58              		.align	2
  59              	.L3:
  60 0020 00000000 		.word	.LC0
  61 0024 00000000 		.word	blinkLedTask
  62              		.cfi_endproc
  63              	.LFE68:
  64              		.size	main, .-main
  65              		.align	1
  66              		.global	blinkLedTask
  67              		.syntax unified
  68              		.thumb
  69              		.thumb_func
  70              		.fpu softvfp
  71              		.type	blinkLedTask, %function
  72              	blinkLedTask:
  73              	.LFB69:
  21:src/main.c    **** 
  22:src/main.c    ****     return 0;
  23:src/main.c    **** }
  24:src/main.c    **** 
  25:src/main.c    **** void blinkLedTask(void *pvParameters)
  26:src/main.c    **** {
  74              		.loc 1 26 0
  75              		.cfi_startproc
  76              		@ args = 0, pretend = 0, frame = 16
  77              		@ frame_needed = 1, uses_anonymous_args = 0
  78              		@ link register save eliminated.
  79 0028 80B4     		push	{r7}
  80              		.cfi_def_cfa_offset 4
  81              		.cfi_offset 7, -4
  82 002a 85B0     		sub	sp, sp, #20
  83              		.cfi_def_cfa_offset 24
  84 002c 00AF     		add	r7, sp, #0
  85              		.cfi_def_cfa_register 7
  86 002e 7860     		str	r0, [r7, #4]
ARM GAS  /tmp/cclx0cW1.s 			page 3


  27:src/main.c    ****     //Enable the clock to PORT B
  28:src/main.c    ****     RCC->APB2ENR |= RCC_APB2ENR_IOPBEN;
  87              		.loc 1 28 0
  88 0030 124A     		ldr	r2, .L11
  89 0032 124B     		ldr	r3, .L11
  90 0034 9B69     		ldr	r3, [r3, #24]
  91 0036 43F00803 		orr	r3, r3, #8
  92 003a 9361     		str	r3, [r2, #24]
  29:src/main.c    ****     //Setup PB0
  30:src/main.c    ****     GPIOB->CRL = GPIO_CRL_MODE0_0 | GPIO_CRL_MODE0_1;
  93              		.loc 1 30 0
  94 003c 104B     		ldr	r3, .L11+4
  95 003e 0322     		movs	r2, #3
  96 0040 1A60     		str	r2, [r3]
  97              	.L10:
  31:src/main.c    **** 
  32:src/main.c    ****     while(1) {
  33:src/main.c    ****         //Set PB0 high
  34:src/main.c    ****         GPIOB->BSRR = GPIO_BSRR_BS0;
  98              		.loc 1 34 0
  99 0042 0F4B     		ldr	r3, .L11+4
 100 0044 0122     		movs	r2, #1
 101 0046 1A61     		str	r2, [r3, #16]
 102              	.LBB2:
  35:src/main.c    ****         for (uint32_t i = 0; i != 0x7ffff; i++) { }
 103              		.loc 1 35 0
 104 0048 0023     		movs	r3, #0
 105 004a FB60     		str	r3, [r7, #12]
 106 004c 02E0     		b	.L6
 107              	.L7:
 108              		.loc 1 35 0 is_stmt 0 discriminator 3
 109 004e FB68     		ldr	r3, [r7, #12]
 110 0050 0133     		adds	r3, r3, #1
 111 0052 FB60     		str	r3, [r7, #12]
 112              	.L6:
 113              		.loc 1 35 0 discriminator 1
 114 0054 FB68     		ldr	r3, [r7, #12]
 115 0056 0B4A     		ldr	r2, .L11+8
 116 0058 9342     		cmp	r3, r2
 117 005a F8D1     		bne	.L7
 118              	.LBE2:
  36:src/main.c    ****         //Reset PB0 low
  37:src/main.c    ****         GPIOB->BSRR = GPIO_BSRR_BR0;
 119              		.loc 1 37 0 is_stmt 1
 120 005c 084B     		ldr	r3, .L11+4
 121 005e 4FF48032 		mov	r2, #65536
 122 0062 1A61     		str	r2, [r3, #16]
 123              	.LBB3:
  38:src/main.c    ****         for (uint32_t i = 0; i != 0x7ffff; i++) { }
 124              		.loc 1 38 0
 125 0064 0023     		movs	r3, #0
 126 0066 BB60     		str	r3, [r7, #8]
 127 0068 02E0     		b	.L8
 128              	.L9:
 129              		.loc 1 38 0 is_stmt 0 discriminator 3
 130 006a BB68     		ldr	r3, [r7, #8]
 131 006c 0133     		adds	r3, r3, #1
ARM GAS  /tmp/cclx0cW1.s 			page 4


 132 006e BB60     		str	r3, [r7, #8]
 133              	.L8:
 134              		.loc 1 38 0 discriminator 1
 135 0070 BB68     		ldr	r3, [r7, #8]
 136 0072 044A     		ldr	r2, .L11+8
 137 0074 9342     		cmp	r3, r2
 138 0076 F8D1     		bne	.L9
 139              	.LBE3:
  34:src/main.c    ****         for (uint32_t i = 0; i != 0x7ffff; i++) { }
 140              		.loc 1 34 0 is_stmt 1
 141 0078 E3E7     		b	.L10
 142              	.L12:
 143 007a 00BF     		.align	2
 144              	.L11:
 145 007c 00100240 		.word	1073876992
 146 0080 000C0140 		.word	1073810432
 147 0084 FFFF0700 		.word	524287
 148              		.cfi_endproc
 149              	.LFE69:
 150              		.size	blinkLedTask, .-blinkLedTask
 151              	.Letext0:
 152              		.file 2 "/usr/include/newlib/machine/_default_types.h"
 153              		.file 3 "/usr/include/newlib/sys/_stdint.h"
 154              		.file 4 "cmsis/core_cm3.h"
 155              		.file 5 "include/system_stm32f1xx.h"
 156              		.file 6 "include/stm32f103xb.h"
 157              		.section	.debug_info,"",%progbits
 158              	.Ldebug_info0:
 159 0000 36020000 		.4byte	0x236
 160 0004 0400     		.2byte	0x4
 161 0006 00000000 		.4byte	.Ldebug_abbrev0
 162 000a 04       		.byte	0x4
 163 000b 01       		.uleb128 0x1
 164 000c FE000000 		.4byte	.LASF28
 165 0010 0C       		.byte	0xc
 166 0011 7E010000 		.4byte	.LASF29
 167 0015 76000000 		.4byte	.LASF30
 168 0019 00000000 		.4byte	.Ltext0
 169 001d 88000000 		.4byte	.Letext0-.Ltext0
 170 0021 00000000 		.4byte	.Ldebug_line0
 171 0025 02       		.uleb128 0x2
 172 0026 01       		.byte	0x1
 173 0027 06       		.byte	0x6
 174 0028 B1010000 		.4byte	.LASF0
 175 002c 02       		.uleb128 0x2
 176 002d 01       		.byte	0x1
 177 002e 08       		.byte	0x8
 178 002f 36000000 		.4byte	.LASF1
 179 0033 02       		.uleb128 0x2
 180 0034 02       		.byte	0x2
 181 0035 05       		.byte	0x5
 182 0036 89010000 		.4byte	.LASF2
 183 003a 02       		.uleb128 0x2
 184 003b 02       		.byte	0x2
 185 003c 07       		.byte	0x7
 186 003d 56000000 		.4byte	.LASF3
 187 0041 03       		.uleb128 0x3
ARM GAS  /tmp/cclx0cW1.s 			page 5


 188 0042 11000000 		.4byte	.LASF5
 189 0046 02       		.byte	0x2
 190 0047 3F       		.byte	0x3f
 191 0048 4C000000 		.4byte	0x4c
 192 004c 02       		.uleb128 0x2
 193 004d 04       		.byte	0x4
 194 004e 05       		.byte	0x5
 195 004f A8010000 		.4byte	.LASF4
 196 0053 03       		.uleb128 0x3
 197 0054 A4000000 		.4byte	.LASF6
 198 0058 02       		.byte	0x2
 199 0059 41       		.byte	0x41
 200 005a 5E000000 		.4byte	0x5e
 201 005e 02       		.uleb128 0x2
 202 005f 04       		.byte	0x4
 203 0060 07       		.byte	0x7
 204 0061 44000000 		.4byte	.LASF7
 205 0065 02       		.uleb128 0x2
 206 0066 08       		.byte	0x8
 207 0067 05       		.byte	0x5
 208 0068 5B010000 		.4byte	.LASF8
 209 006c 02       		.uleb128 0x2
 210 006d 08       		.byte	0x8
 211 006e 07       		.byte	0x7
 212 006f E7000000 		.4byte	.LASF9
 213 0073 04       		.uleb128 0x4
 214 0074 04       		.byte	0x4
 215 0075 05       		.byte	0x5
 216 0076 696E7400 		.ascii	"int\000"
 217 007a 02       		.uleb128 0x2
 218 007b 04       		.byte	0x4
 219 007c 07       		.byte	0x7
 220 007d CD000000 		.4byte	.LASF10
 221 0081 03       		.uleb128 0x3
 222 0082 4A010000 		.4byte	.LASF11
 223 0086 03       		.byte	0x3
 224 0087 2C       		.byte	0x2c
 225 0088 41000000 		.4byte	0x41
 226 008c 05       		.uleb128 0x5
 227 008d 81000000 		.4byte	0x81
 228 0091 03       		.uleb128 0x3
 229 0092 9F010000 		.4byte	.LASF12
 230 0096 03       		.byte	0x3
 231 0097 30       		.byte	0x30
 232 0098 53000000 		.4byte	0x53
 233 009c 05       		.uleb128 0x5
 234 009d 91000000 		.4byte	0x91
 235 00a1 02       		.uleb128 0x2
 236 00a2 04       		.byte	0x4
 237 00a3 07       		.byte	0x7
 238 00a4 52010000 		.4byte	.LASF13
 239 00a8 06       		.uleb128 0x6
 240 00a9 69000000 		.4byte	.LASF14
 241 00ad 04       		.byte	0x4
 242 00ae 9606     		.2byte	0x696
 243 00b0 8C000000 		.4byte	0x8c
 244 00b4 07       		.uleb128 0x7
ARM GAS  /tmp/cclx0cW1.s 			page 6


 245 00b5 6E010000 		.4byte	.LASF15
 246 00b9 05       		.byte	0x5
 247 00ba 45       		.byte	0x45
 248 00bb 91000000 		.4byte	0x91
 249 00bf 08       		.uleb128 0x8
 250 00c0 1C       		.byte	0x1c
 251 00c1 06       		.byte	0x6
 252 00c2 7601     		.2byte	0x176
 253 00c4 24010000 		.4byte	0x124
 254 00c8 09       		.uleb128 0x9
 255 00c9 43524C00 		.ascii	"CRL\000"
 256 00cd 06       		.byte	0x6
 257 00ce 7801     		.2byte	0x178
 258 00d0 9C000000 		.4byte	0x9c
 259 00d4 00       		.byte	0
 260 00d5 09       		.uleb128 0x9
 261 00d6 43524800 		.ascii	"CRH\000"
 262 00da 06       		.byte	0x6
 263 00db 7901     		.2byte	0x179
 264 00dd 9C000000 		.4byte	0x9c
 265 00e1 04       		.byte	0x4
 266 00e2 09       		.uleb128 0x9
 267 00e3 49445200 		.ascii	"IDR\000"
 268 00e7 06       		.byte	0x6
 269 00e8 7A01     		.2byte	0x17a
 270 00ea 9C000000 		.4byte	0x9c
 271 00ee 08       		.byte	0x8
 272 00ef 09       		.uleb128 0x9
 273 00f0 4F445200 		.ascii	"ODR\000"
 274 00f4 06       		.byte	0x6
 275 00f5 7B01     		.2byte	0x17b
 276 00f7 9C000000 		.4byte	0x9c
 277 00fb 0C       		.byte	0xc
 278 00fc 0A       		.uleb128 0xa
 279 00fd 1B000000 		.4byte	.LASF16
 280 0101 06       		.byte	0x6
 281 0102 7C01     		.2byte	0x17c
 282 0104 9C000000 		.4byte	0x9c
 283 0108 10       		.byte	0x10
 284 0109 09       		.uleb128 0x9
 285 010a 42525200 		.ascii	"BRR\000"
 286 010e 06       		.byte	0x6
 287 010f 7D01     		.2byte	0x17d
 288 0111 9C000000 		.4byte	0x9c
 289 0115 14       		.byte	0x14
 290 0116 0A       		.uleb128 0xa
 291 0117 BD010000 		.4byte	.LASF17
 292 011b 06       		.byte	0x6
 293 011c 7E01     		.2byte	0x17e
 294 011e 9C000000 		.4byte	0x9c
 295 0122 18       		.byte	0x18
 296 0123 00       		.byte	0
 297 0124 0B       		.uleb128 0xb
 298 0125 DA000000 		.4byte	.LASF18
 299 0129 06       		.byte	0x6
 300 012a 7F01     		.2byte	0x17f
 301 012c BF000000 		.4byte	0xbf
ARM GAS  /tmp/cclx0cW1.s 			page 7


 302 0130 08       		.uleb128 0x8
 303 0131 28       		.byte	0x28
 304 0132 06       		.byte	0x6
 305 0133 B801     		.2byte	0x1b8
 306 0135 BB010000 		.4byte	0x1bb
 307 0139 09       		.uleb128 0x9
 308 013a 435200   		.ascii	"CR\000"
 309 013d 06       		.byte	0x6
 310 013e BA01     		.2byte	0x1ba
 311 0140 9C000000 		.4byte	0x9c
 312 0144 00       		.byte	0
 313 0145 0A       		.uleb128 0xa
 314 0146 05000000 		.4byte	.LASF19
 315 014a 06       		.byte	0x6
 316 014b BB01     		.2byte	0x1bb
 317 014d 9C000000 		.4byte	0x9c
 318 0151 04       		.byte	0x4
 319 0152 09       		.uleb128 0x9
 320 0153 43495200 		.ascii	"CIR\000"
 321 0157 06       		.byte	0x6
 322 0158 BC01     		.2byte	0x1bc
 323 015a 9C000000 		.4byte	0x9c
 324 015e 08       		.byte	0x8
 325 015f 0A       		.uleb128 0xa
 326 0160 C4000000 		.4byte	.LASF20
 327 0164 06       		.byte	0x6
 328 0165 BD01     		.2byte	0x1bd
 329 0167 9C000000 		.4byte	0x9c
 330 016b 0C       		.byte	0xc
 331 016c 0A       		.uleb128 0xa
 332 016d 2D000000 		.4byte	.LASF21
 333 0171 06       		.byte	0x6
 334 0172 BE01     		.2byte	0x1be
 335 0174 9C000000 		.4byte	0x9c
 336 0178 10       		.byte	0x10
 337 0179 0A       		.uleb128 0xa
 338 017a 0A000000 		.4byte	.LASF22
 339 017e 06       		.byte	0x6
 340 017f BF01     		.2byte	0x1bf
 341 0181 9C000000 		.4byte	0x9c
 342 0185 14       		.byte	0x14
 343 0186 0A       		.uleb128 0xa
 344 0187 9C000000 		.4byte	.LASF23
 345 018b 06       		.byte	0x6
 346 018c C001     		.2byte	0x1c0
 347 018e 9C000000 		.4byte	0x9c
 348 0192 18       		.byte	0x18
 349 0193 0A       		.uleb128 0xa
 350 0194 AF000000 		.4byte	.LASF24
 351 0198 06       		.byte	0x6
 352 0199 C101     		.2byte	0x1c1
 353 019b 9C000000 		.4byte	0x9c
 354 019f 1C       		.byte	0x1c
 355 01a0 0A       		.uleb128 0xa
 356 01a1 00000000 		.4byte	.LASF25
 357 01a5 06       		.byte	0x6
 358 01a6 C201     		.2byte	0x1c2
ARM GAS  /tmp/cclx0cW1.s 			page 8


 359 01a8 9C000000 		.4byte	0x9c
 360 01ac 20       		.byte	0x20
 361 01ad 09       		.uleb128 0x9
 362 01ae 43535200 		.ascii	"CSR\000"
 363 01b2 06       		.byte	0x6
 364 01b3 C301     		.2byte	0x1c3
 365 01b5 9C000000 		.4byte	0x9c
 366 01b9 24       		.byte	0x24
 367 01ba 00       		.byte	0
 368 01bb 0B       		.uleb128 0xb
 369 01bc 93010000 		.4byte	.LASF26
 370 01c0 06       		.byte	0x6
 371 01c1 C601     		.2byte	0x1c6
 372 01c3 30010000 		.4byte	0x130
 373 01c7 0C       		.uleb128 0xc
 374 01c8 04       		.byte	0x4
 375 01c9 02       		.uleb128 0x2
 376 01ca 01       		.byte	0x1
 377 01cb 08       		.byte	0x8
 378 01cc 69010000 		.4byte	.LASF27
 379 01d0 0D       		.uleb128 0xd
 380 01d1 20000000 		.4byte	.LASF31
 381 01d5 01       		.byte	0x1
 382 01d6 19       		.byte	0x19
 383 01d7 28000000 		.4byte	.LFB69
 384 01db 60000000 		.4byte	.LFE69-.LFB69
 385 01df 01       		.uleb128 0x1
 386 01e0 9C       		.byte	0x9c
 387 01e1 24020000 		.4byte	0x224
 388 01e5 0E       		.uleb128 0xe
 389 01e6 B7000000 		.4byte	.LASF32
 390 01ea 01       		.byte	0x1
 391 01eb 19       		.byte	0x19
 392 01ec C7010000 		.4byte	0x1c7
 393 01f0 02       		.uleb128 0x2
 394 01f1 91       		.byte	0x91
 395 01f2 6C       		.sleb128 -20
 396 01f3 0F       		.uleb128 0xf
 397 01f4 48000000 		.4byte	.LBB2
 398 01f8 14000000 		.4byte	.LBE2-.LBB2
 399 01fc 0D020000 		.4byte	0x20d
 400 0200 10       		.uleb128 0x10
 401 0201 6900     		.ascii	"i\000"
 402 0203 01       		.byte	0x1
 403 0204 23       		.byte	0x23
 404 0205 91000000 		.4byte	0x91
 405 0209 02       		.uleb128 0x2
 406 020a 91       		.byte	0x91
 407 020b 74       		.sleb128 -12
 408 020c 00       		.byte	0
 409 020d 11       		.uleb128 0x11
 410 020e 64000000 		.4byte	.LBB3
 411 0212 14000000 		.4byte	.LBE3-.LBB3
 412 0216 10       		.uleb128 0x10
 413 0217 6900     		.ascii	"i\000"
 414 0219 01       		.byte	0x1
 415 021a 26       		.byte	0x26
ARM GAS  /tmp/cclx0cW1.s 			page 9


 416 021b 91000000 		.4byte	0x91
 417 021f 02       		.uleb128 0x2
 418 0220 91       		.byte	0x91
 419 0221 70       		.sleb128 -16
 420 0222 00       		.byte	0
 421 0223 00       		.byte	0
 422 0224 12       		.uleb128 0x12
 423 0225 45010000 		.4byte	.LASF33
 424 0229 01       		.byte	0x1
 425 022a 0D       		.byte	0xd
 426 022b 73000000 		.4byte	0x73
 427 022f 00000000 		.4byte	.LFB68
 428 0233 28000000 		.4byte	.LFE68-.LFB68
 429 0237 01       		.uleb128 0x1
 430 0238 9C       		.byte	0x9c
 431 0239 00       		.byte	0
 432              		.section	.debug_abbrev,"",%progbits
 433              	.Ldebug_abbrev0:
 434 0000 01       		.uleb128 0x1
 435 0001 11       		.uleb128 0x11
 436 0002 01       		.byte	0x1
 437 0003 25       		.uleb128 0x25
 438 0004 0E       		.uleb128 0xe
 439 0005 13       		.uleb128 0x13
 440 0006 0B       		.uleb128 0xb
 441 0007 03       		.uleb128 0x3
 442 0008 0E       		.uleb128 0xe
 443 0009 1B       		.uleb128 0x1b
 444 000a 0E       		.uleb128 0xe
 445 000b 11       		.uleb128 0x11
 446 000c 01       		.uleb128 0x1
 447 000d 12       		.uleb128 0x12
 448 000e 06       		.uleb128 0x6
 449 000f 10       		.uleb128 0x10
 450 0010 17       		.uleb128 0x17
 451 0011 00       		.byte	0
 452 0012 00       		.byte	0
 453 0013 02       		.uleb128 0x2
 454 0014 24       		.uleb128 0x24
 455 0015 00       		.byte	0
 456 0016 0B       		.uleb128 0xb
 457 0017 0B       		.uleb128 0xb
 458 0018 3E       		.uleb128 0x3e
 459 0019 0B       		.uleb128 0xb
 460 001a 03       		.uleb128 0x3
 461 001b 0E       		.uleb128 0xe
 462 001c 00       		.byte	0
 463 001d 00       		.byte	0
 464 001e 03       		.uleb128 0x3
 465 001f 16       		.uleb128 0x16
 466 0020 00       		.byte	0
 467 0021 03       		.uleb128 0x3
 468 0022 0E       		.uleb128 0xe
 469 0023 3A       		.uleb128 0x3a
 470 0024 0B       		.uleb128 0xb
 471 0025 3B       		.uleb128 0x3b
 472 0026 0B       		.uleb128 0xb
ARM GAS  /tmp/cclx0cW1.s 			page 10


 473 0027 49       		.uleb128 0x49
 474 0028 13       		.uleb128 0x13
 475 0029 00       		.byte	0
 476 002a 00       		.byte	0
 477 002b 04       		.uleb128 0x4
 478 002c 24       		.uleb128 0x24
 479 002d 00       		.byte	0
 480 002e 0B       		.uleb128 0xb
 481 002f 0B       		.uleb128 0xb
 482 0030 3E       		.uleb128 0x3e
 483 0031 0B       		.uleb128 0xb
 484 0032 03       		.uleb128 0x3
 485 0033 08       		.uleb128 0x8
 486 0034 00       		.byte	0
 487 0035 00       		.byte	0
 488 0036 05       		.uleb128 0x5
 489 0037 35       		.uleb128 0x35
 490 0038 00       		.byte	0
 491 0039 49       		.uleb128 0x49
 492 003a 13       		.uleb128 0x13
 493 003b 00       		.byte	0
 494 003c 00       		.byte	0
 495 003d 06       		.uleb128 0x6
 496 003e 34       		.uleb128 0x34
 497 003f 00       		.byte	0
 498 0040 03       		.uleb128 0x3
 499 0041 0E       		.uleb128 0xe
 500 0042 3A       		.uleb128 0x3a
 501 0043 0B       		.uleb128 0xb
 502 0044 3B       		.uleb128 0x3b
 503 0045 05       		.uleb128 0x5
 504 0046 49       		.uleb128 0x49
 505 0047 13       		.uleb128 0x13
 506 0048 3F       		.uleb128 0x3f
 507 0049 19       		.uleb128 0x19
 508 004a 3C       		.uleb128 0x3c
 509 004b 19       		.uleb128 0x19
 510 004c 00       		.byte	0
 511 004d 00       		.byte	0
 512 004e 07       		.uleb128 0x7
 513 004f 34       		.uleb128 0x34
 514 0050 00       		.byte	0
 515 0051 03       		.uleb128 0x3
 516 0052 0E       		.uleb128 0xe
 517 0053 3A       		.uleb128 0x3a
 518 0054 0B       		.uleb128 0xb
 519 0055 3B       		.uleb128 0x3b
 520 0056 0B       		.uleb128 0xb
 521 0057 49       		.uleb128 0x49
 522 0058 13       		.uleb128 0x13
 523 0059 3F       		.uleb128 0x3f
 524 005a 19       		.uleb128 0x19
 525 005b 3C       		.uleb128 0x3c
 526 005c 19       		.uleb128 0x19
 527 005d 00       		.byte	0
 528 005e 00       		.byte	0
 529 005f 08       		.uleb128 0x8
ARM GAS  /tmp/cclx0cW1.s 			page 11


 530 0060 13       		.uleb128 0x13
 531 0061 01       		.byte	0x1
 532 0062 0B       		.uleb128 0xb
 533 0063 0B       		.uleb128 0xb
 534 0064 3A       		.uleb128 0x3a
 535 0065 0B       		.uleb128 0xb
 536 0066 3B       		.uleb128 0x3b
 537 0067 05       		.uleb128 0x5
 538 0068 01       		.uleb128 0x1
 539 0069 13       		.uleb128 0x13
 540 006a 00       		.byte	0
 541 006b 00       		.byte	0
 542 006c 09       		.uleb128 0x9
 543 006d 0D       		.uleb128 0xd
 544 006e 00       		.byte	0
 545 006f 03       		.uleb128 0x3
 546 0070 08       		.uleb128 0x8
 547 0071 3A       		.uleb128 0x3a
 548 0072 0B       		.uleb128 0xb
 549 0073 3B       		.uleb128 0x3b
 550 0074 05       		.uleb128 0x5
 551 0075 49       		.uleb128 0x49
 552 0076 13       		.uleb128 0x13
 553 0077 38       		.uleb128 0x38
 554 0078 0B       		.uleb128 0xb
 555 0079 00       		.byte	0
 556 007a 00       		.byte	0
 557 007b 0A       		.uleb128 0xa
 558 007c 0D       		.uleb128 0xd
 559 007d 00       		.byte	0
 560 007e 03       		.uleb128 0x3
 561 007f 0E       		.uleb128 0xe
 562 0080 3A       		.uleb128 0x3a
 563 0081 0B       		.uleb128 0xb
 564 0082 3B       		.uleb128 0x3b
 565 0083 05       		.uleb128 0x5
 566 0084 49       		.uleb128 0x49
 567 0085 13       		.uleb128 0x13
 568 0086 38       		.uleb128 0x38
 569 0087 0B       		.uleb128 0xb
 570 0088 00       		.byte	0
 571 0089 00       		.byte	0
 572 008a 0B       		.uleb128 0xb
 573 008b 16       		.uleb128 0x16
 574 008c 00       		.byte	0
 575 008d 03       		.uleb128 0x3
 576 008e 0E       		.uleb128 0xe
 577 008f 3A       		.uleb128 0x3a
 578 0090 0B       		.uleb128 0xb
 579 0091 3B       		.uleb128 0x3b
 580 0092 05       		.uleb128 0x5
 581 0093 49       		.uleb128 0x49
 582 0094 13       		.uleb128 0x13
 583 0095 00       		.byte	0
 584 0096 00       		.byte	0
 585 0097 0C       		.uleb128 0xc
 586 0098 0F       		.uleb128 0xf
ARM GAS  /tmp/cclx0cW1.s 			page 12


 587 0099 00       		.byte	0
 588 009a 0B       		.uleb128 0xb
 589 009b 0B       		.uleb128 0xb
 590 009c 00       		.byte	0
 591 009d 00       		.byte	0
 592 009e 0D       		.uleb128 0xd
 593 009f 2E       		.uleb128 0x2e
 594 00a0 01       		.byte	0x1
 595 00a1 3F       		.uleb128 0x3f
 596 00a2 19       		.uleb128 0x19
 597 00a3 03       		.uleb128 0x3
 598 00a4 0E       		.uleb128 0xe
 599 00a5 3A       		.uleb128 0x3a
 600 00a6 0B       		.uleb128 0xb
 601 00a7 3B       		.uleb128 0x3b
 602 00a8 0B       		.uleb128 0xb
 603 00a9 27       		.uleb128 0x27
 604 00aa 19       		.uleb128 0x19
 605 00ab 11       		.uleb128 0x11
 606 00ac 01       		.uleb128 0x1
 607 00ad 12       		.uleb128 0x12
 608 00ae 06       		.uleb128 0x6
 609 00af 40       		.uleb128 0x40
 610 00b0 18       		.uleb128 0x18
 611 00b1 9742     		.uleb128 0x2117
 612 00b3 19       		.uleb128 0x19
 613 00b4 01       		.uleb128 0x1
 614 00b5 13       		.uleb128 0x13
 615 00b6 00       		.byte	0
 616 00b7 00       		.byte	0
 617 00b8 0E       		.uleb128 0xe
 618 00b9 05       		.uleb128 0x5
 619 00ba 00       		.byte	0
 620 00bb 03       		.uleb128 0x3
 621 00bc 0E       		.uleb128 0xe
 622 00bd 3A       		.uleb128 0x3a
 623 00be 0B       		.uleb128 0xb
 624 00bf 3B       		.uleb128 0x3b
 625 00c0 0B       		.uleb128 0xb
 626 00c1 49       		.uleb128 0x49
 627 00c2 13       		.uleb128 0x13
 628 00c3 02       		.uleb128 0x2
 629 00c4 18       		.uleb128 0x18
 630 00c5 00       		.byte	0
 631 00c6 00       		.byte	0
 632 00c7 0F       		.uleb128 0xf
 633 00c8 0B       		.uleb128 0xb
 634 00c9 01       		.byte	0x1
 635 00ca 11       		.uleb128 0x11
 636 00cb 01       		.uleb128 0x1
 637 00cc 12       		.uleb128 0x12
 638 00cd 06       		.uleb128 0x6
 639 00ce 01       		.uleb128 0x1
 640 00cf 13       		.uleb128 0x13
 641 00d0 00       		.byte	0
 642 00d1 00       		.byte	0
 643 00d2 10       		.uleb128 0x10
ARM GAS  /tmp/cclx0cW1.s 			page 13


 644 00d3 34       		.uleb128 0x34
 645 00d4 00       		.byte	0
 646 00d5 03       		.uleb128 0x3
 647 00d6 08       		.uleb128 0x8
 648 00d7 3A       		.uleb128 0x3a
 649 00d8 0B       		.uleb128 0xb
 650 00d9 3B       		.uleb128 0x3b
 651 00da 0B       		.uleb128 0xb
 652 00db 49       		.uleb128 0x49
 653 00dc 13       		.uleb128 0x13
 654 00dd 02       		.uleb128 0x2
 655 00de 18       		.uleb128 0x18
 656 00df 00       		.byte	0
 657 00e0 00       		.byte	0
 658 00e1 11       		.uleb128 0x11
 659 00e2 0B       		.uleb128 0xb
 660 00e3 01       		.byte	0x1
 661 00e4 11       		.uleb128 0x11
 662 00e5 01       		.uleb128 0x1
 663 00e6 12       		.uleb128 0x12
 664 00e7 06       		.uleb128 0x6
 665 00e8 00       		.byte	0
 666 00e9 00       		.byte	0
 667 00ea 12       		.uleb128 0x12
 668 00eb 2E       		.uleb128 0x2e
 669 00ec 00       		.byte	0
 670 00ed 3F       		.uleb128 0x3f
 671 00ee 19       		.uleb128 0x19
 672 00ef 03       		.uleb128 0x3
 673 00f0 0E       		.uleb128 0xe
 674 00f1 3A       		.uleb128 0x3a
 675 00f2 0B       		.uleb128 0xb
 676 00f3 3B       		.uleb128 0x3b
 677 00f4 0B       		.uleb128 0xb
 678 00f5 27       		.uleb128 0x27
 679 00f6 19       		.uleb128 0x19
 680 00f7 49       		.uleb128 0x49
 681 00f8 13       		.uleb128 0x13
 682 00f9 11       		.uleb128 0x11
 683 00fa 01       		.uleb128 0x1
 684 00fb 12       		.uleb128 0x12
 685 00fc 06       		.uleb128 0x6
 686 00fd 40       		.uleb128 0x40
 687 00fe 18       		.uleb128 0x18
 688 00ff 9642     		.uleb128 0x2116
 689 0101 19       		.uleb128 0x19
 690 0102 00       		.byte	0
 691 0103 00       		.byte	0
 692 0104 00       		.byte	0
 693              		.section	.debug_aranges,"",%progbits
 694 0000 1C000000 		.4byte	0x1c
 695 0004 0200     		.2byte	0x2
 696 0006 00000000 		.4byte	.Ldebug_info0
 697 000a 04       		.byte	0x4
 698 000b 00       		.byte	0
 699 000c 0000     		.2byte	0
 700 000e 0000     		.2byte	0
ARM GAS  /tmp/cclx0cW1.s 			page 14


 701 0010 00000000 		.4byte	.Ltext0
 702 0014 88000000 		.4byte	.Letext0-.Ltext0
 703 0018 00000000 		.4byte	0
 704 001c 00000000 		.4byte	0
 705              		.section	.debug_line,"",%progbits
 706              	.Ldebug_line0:
 707 0000 F5000000 		.section	.debug_str,"MS",%progbits,1
 707      0200B900 
 707      00000201 
 707      FB0E0D00 
 707      01010101 
 708              	.LASF25:
 709 0000 42444352 		.ascii	"BDCR\000"
 709      00
 710              	.LASF19:
 711 0005 43464752 		.ascii	"CFGR\000"
 711      00
 712              	.LASF22:
 713 000a 41484245 		.ascii	"AHBENR\000"
 713      4E5200
 714              	.LASF5:
 715 0011 5F5F696E 		.ascii	"__int32_t\000"
 715      7433325F 
 715      7400
 716              	.LASF16:
 717 001b 42535252 		.ascii	"BSRR\000"
 717      00
 718              	.LASF31:
 719 0020 626C696E 		.ascii	"blinkLedTask\000"
 719      6B4C6564 
 719      5461736B 
 719      00
 720              	.LASF21:
 721 002d 41504231 		.ascii	"APB1RSTR\000"
 721      52535452 
 721      00
 722              	.LASF1:
 723 0036 756E7369 		.ascii	"unsigned char\000"
 723      676E6564 
 723      20636861 
 723      7200
 724              	.LASF7:
 725 0044 6C6F6E67 		.ascii	"long unsigned int\000"
 725      20756E73 
 725      69676E65 
 725      6420696E 
 725      7400
 726              	.LASF3:
 727 0056 73686F72 		.ascii	"short unsigned int\000"
 727      7420756E 
 727      7369676E 
 727      65642069 
 727      6E7400
 728              	.LASF14:
 729 0069 49544D5F 		.ascii	"ITM_RxBuffer\000"
 729      52784275 
 729      66666572 
ARM GAS  /tmp/cclx0cW1.s 			page 15


 729      00
 730              	.LASF30:
 731 0076 2F686F6D 		.ascii	"/home/sls/workspace/stm32f103c8-blink\000"
 731      652F736C 
 731      732F776F 
 731      726B7370 
 731      6163652F 
 732              	.LASF23:
 733 009c 41504232 		.ascii	"APB2ENR\000"
 733      454E5200 
 734              	.LASF6:
 735 00a4 5F5F7569 		.ascii	"__uint32_t\000"
 735      6E743332 
 735      5F7400
 736              	.LASF24:
 737 00af 41504231 		.ascii	"APB1ENR\000"
 737      454E5200 
 738              	.LASF32:
 739 00b7 70765061 		.ascii	"pvParameters\000"
 739      72616D65 
 739      74657273 
 739      00
 740              	.LASF20:
 741 00c4 41504232 		.ascii	"APB2RSTR\000"
 741      52535452 
 741      00
 742              	.LASF10:
 743 00cd 756E7369 		.ascii	"unsigned int\000"
 743      676E6564 
 743      20696E74 
 743      00
 744              	.LASF18:
 745 00da 4750494F 		.ascii	"GPIO_TypeDef\000"
 745      5F547970 
 745      65446566 
 745      00
 746              	.LASF9:
 747 00e7 6C6F6E67 		.ascii	"long long unsigned int\000"
 747      206C6F6E 
 747      6720756E 
 747      7369676E 
 747      65642069 
 748              	.LASF28:
 749 00fe 474E5520 		.ascii	"GNU C99 6.3.1 20170620 -mthumb -mcpu=cortex-m3 -g -"
 749      43393920 
 749      362E332E 
 749      31203230 
 749      31373036 
 750 0131 7374643D 		.ascii	"std=c99 -fno-common\000"
 750      63393920 
 750      2D666E6F 
 750      2D636F6D 
 750      6D6F6E00 
 751              	.LASF33:
 752 0145 6D61696E 		.ascii	"main\000"
 752      00
 753              	.LASF11:
ARM GAS  /tmp/cclx0cW1.s 			page 16


 754 014a 696E7433 		.ascii	"int32_t\000"
 754      325F7400 
 755              	.LASF13:
 756 0152 73697A65 		.ascii	"sizetype\000"
 756      74797065 
 756      00
 757              	.LASF8:
 758 015b 6C6F6E67 		.ascii	"long long int\000"
 758      206C6F6E 
 758      6720696E 
 758      7400
 759              	.LASF27:
 760 0169 63686172 		.ascii	"char\000"
 760      00
 761              	.LASF15:
 762 016e 53797374 		.ascii	"SystemCoreClock\000"
 762      656D436F 
 762      7265436C 
 762      6F636B00 
 763              	.LASF29:
 764 017e 7372632F 		.ascii	"src/main.c\000"
 764      6D61696E 
 764      2E6300
 765              	.LASF2:
 766 0189 73686F72 		.ascii	"short int\000"
 766      7420696E 
 766      7400
 767              	.LASF26:
 768 0193 5243435F 		.ascii	"RCC_TypeDef\000"
 768      54797065 
 768      44656600 
 769              	.LASF12:
 770 019f 75696E74 		.ascii	"uint32_t\000"
 770      33325F74 
 770      00
 771              	.LASF4:
 772 01a8 6C6F6E67 		.ascii	"long int\000"
 772      20696E74 
 772      00
 773              	.LASF0:
 774 01b1 7369676E 		.ascii	"signed char\000"
 774      65642063 
 774      68617200 
 775              	.LASF17:
 776 01bd 4C434B52 		.ascii	"LCKR\000"
 776      00
 777              		.ident	"GCC: (15:6.3.1+svn253039-1build1) 6.3.1 20170620"
ARM GAS  /tmp/cclx0cW1.s 			page 17


DEFINED SYMBOLS
                            *ABS*:0000000000000000 main.c
     /tmp/cclx0cW1.s:16     .rodata:0000000000000000 $d
     /tmp/cclx0cW1.s:20     .text:0000000000000000 $t
     /tmp/cclx0cW1.s:27     .text:0000000000000000 main
     /tmp/cclx0cW1.s:60     .text:0000000000000020 $d
     /tmp/cclx0cW1.s:72     .text:0000000000000028 blinkLedTask
     /tmp/cclx0cW1.s:65     .text:0000000000000028 $t
     /tmp/cclx0cW1.s:145    .text:000000000000007c $d
                     .debug_frame:0000000000000010 $d

UNDEFINED SYMBOLS
xTaskCreate
vTaskStartScheduler
