ARM GAS  /tmp/ccVhGGzv.s 			page 1


   1              		.cpu cortex-m3
   2              		.eabi_attribute 20, 1
   3              		.eabi_attribute 21, 1
   4              		.eabi_attribute 23, 3
   5              		.eabi_attribute 24, 1
   6              		.eabi_attribute 25, 1
   7              		.eabi_attribute 26, 1
   8              		.eabi_attribute 30, 6
   9              		.eabi_attribute 34, 1
  10              		.eabi_attribute 18, 4
  11              		.file	"timers.c"
  12              		.text
  13              	.Ltext0:
  14              		.cfi_sections	.debug_frame
  15              	.Letext0:
  16              		.file 1 "/usr/include/newlib/machine/_default_types.h"
  17              		.file 2 "/usr/include/newlib/sys/lock.h"
  18              		.file 3 "/usr/include/newlib/sys/_types.h"
  19              		.file 4 "/usr/lib/gcc/arm-none-eabi/6.3.1/include/stddef.h"
  20              		.file 5 "/usr/include/newlib/sys/reent.h"
  21              		.file 6 "/usr/include/newlib/sys/_stdint.h"
  22              		.file 7 "include/FreeRTOSConfig.h"
  23              		.section	.debug_info,"",%progbits
  24              	.Ldebug_info0:
  25 0000 94080000 		.4byte	0x894
  26 0004 0400     		.2byte	0x4
  27 0006 00000000 		.4byte	.Ldebug_abbrev0
  28 000a 04       		.byte	0x4
  29 000b 01       		.uleb128 0x1
  30 000c A5020000 		.4byte	.LASF122
  31 0010 0C       		.byte	0xc
  32 0011 CF040000 		.4byte	.LASF123
  33 0015 81010000 		.4byte	.LASF124
  34 0019 00000000 		.4byte	.Ldebug_line0
  35 001d 02       		.uleb128 0x2
  36 001e 04       		.byte	0x4
  37 001f 07       		.byte	0x7
  38 0020 B6010000 		.4byte	.LASF0
  39 0024 03       		.uleb128 0x3
  40 0025 04       		.byte	0x4
  41 0026 05       		.byte	0x5
  42 0027 696E7400 		.ascii	"int\000"
  43 002b 02       		.uleb128 0x2
  44 002c 01       		.byte	0x1
  45 002d 06       		.byte	0x6
  46 002e 9F000000 		.4byte	.LASF1
  47 0032 02       		.uleb128 0x2
  48 0033 01       		.byte	0x1
  49 0034 08       		.byte	0x8
  50 0035 0E030000 		.4byte	.LASF2
  51 0039 02       		.uleb128 0x2
  52 003a 02       		.byte	0x2
  53 003b 05       		.byte	0x5
  54 003c 2A030000 		.4byte	.LASF3
  55 0040 02       		.uleb128 0x2
  56 0041 02       		.byte	0x2
  57 0042 07       		.byte	0x7
ARM GAS  /tmp/ccVhGGzv.s 			page 2


  58 0043 09020000 		.4byte	.LASF4
  59 0047 02       		.uleb128 0x2
  60 0048 04       		.byte	0x4
  61 0049 05       		.byte	0x5
  62 004a E4000000 		.4byte	.LASF5
  63 004e 04       		.uleb128 0x4
  64 004f 48010000 		.4byte	.LASF9
  65 0053 01       		.byte	0x1
  66 0054 41       		.byte	0x41
  67 0055 59000000 		.4byte	0x59
  68 0059 02       		.uleb128 0x2
  69 005a 04       		.byte	0x4
  70 005b 07       		.byte	0x7
  71 005c EA010000 		.4byte	.LASF6
  72 0060 02       		.uleb128 0x2
  73 0061 08       		.byte	0x8
  74 0062 05       		.byte	0x5
  75 0063 91000000 		.4byte	.LASF7
  76 0067 02       		.uleb128 0x2
  77 0068 08       		.byte	0x8
  78 0069 07       		.byte	0x7
  79 006a 4B000000 		.4byte	.LASF8
  80 006e 04       		.uleb128 0x4
  81 006f F6020000 		.4byte	.LASF10
  82 0073 02       		.byte	0x2
  83 0074 07       		.byte	0x7
  84 0075 24000000 		.4byte	0x24
  85 0079 04       		.uleb128 0x4
  86 007a 9E020000 		.4byte	.LASF11
  87 007e 03       		.byte	0x3
  88 007f 2C       		.byte	0x2c
  89 0080 47000000 		.4byte	0x47
  90 0084 04       		.uleb128 0x4
  91 0085 E1030000 		.4byte	.LASF12
  92 0089 03       		.byte	0x3
  93 008a 72       		.byte	0x72
  94 008b 47000000 		.4byte	0x47
  95 008f 05       		.uleb128 0x5
  96 0090 4C020000 		.4byte	.LASF13
  97 0094 04       		.byte	0x4
  98 0095 6501     		.2byte	0x165
  99 0097 1D000000 		.4byte	0x1d
 100 009b 06       		.uleb128 0x6
 101 009c 04       		.byte	0x4
 102 009d 03       		.byte	0x3
 103 009e A6       		.byte	0xa6
 104 009f BA000000 		.4byte	0xba
 105 00a3 07       		.uleb128 0x7
 106 00a4 46020000 		.4byte	.LASF14
 107 00a8 03       		.byte	0x3
 108 00a9 A8       		.byte	0xa8
 109 00aa 8F000000 		.4byte	0x8f
 110 00ae 07       		.uleb128 0x7
 111 00af C3010000 		.4byte	.LASF15
 112 00b3 03       		.byte	0x3
 113 00b4 A9       		.byte	0xa9
 114 00b5 BA000000 		.4byte	0xba
ARM GAS  /tmp/ccVhGGzv.s 			page 3


 115 00b9 00       		.byte	0
 116 00ba 08       		.uleb128 0x8
 117 00bb 32000000 		.4byte	0x32
 118 00bf CA000000 		.4byte	0xca
 119 00c3 09       		.uleb128 0x9
 120 00c4 CA000000 		.4byte	0xca
 121 00c8 03       		.byte	0x3
 122 00c9 00       		.byte	0
 123 00ca 02       		.uleb128 0x2
 124 00cb 04       		.byte	0x4
 125 00cc 07       		.byte	0x7
 126 00cd 72020000 		.4byte	.LASF16
 127 00d1 0A       		.uleb128 0xa
 128 00d2 08       		.byte	0x8
 129 00d3 03       		.byte	0x3
 130 00d4 A3       		.byte	0xa3
 131 00d5 F2000000 		.4byte	0xf2
 132 00d9 0B       		.uleb128 0xb
 133 00da BF030000 		.4byte	.LASF17
 134 00de 03       		.byte	0x3
 135 00df A5       		.byte	0xa5
 136 00e0 24000000 		.4byte	0x24
 137 00e4 00       		.byte	0
 138 00e5 0B       		.uleb128 0xb
 139 00e6 C7030000 		.4byte	.LASF18
 140 00ea 03       		.byte	0x3
 141 00eb AA       		.byte	0xaa
 142 00ec 9B000000 		.4byte	0x9b
 143 00f0 04       		.byte	0x4
 144 00f1 00       		.byte	0
 145 00f2 04       		.uleb128 0x4
 146 00f3 52030000 		.4byte	.LASF19
 147 00f7 03       		.byte	0x3
 148 00f8 AB       		.byte	0xab
 149 00f9 D1000000 		.4byte	0xd1
 150 00fd 04       		.uleb128 0x4
 151 00fe 59010000 		.4byte	.LASF20
 152 0102 03       		.byte	0x3
 153 0103 AF       		.byte	0xaf
 154 0104 6E000000 		.4byte	0x6e
 155 0108 0C       		.uleb128 0xc
 156 0109 04       		.byte	0x4
 157 010a 0D       		.uleb128 0xd
 158 010b 04       		.byte	0x4
 159 010c 10010000 		.4byte	0x110
 160 0110 02       		.uleb128 0x2
 161 0111 01       		.byte	0x1
 162 0112 08       		.byte	0x8
 163 0113 F0030000 		.4byte	.LASF21
 164 0117 0E       		.uleb128 0xe
 165 0118 10010000 		.4byte	0x110
 166 011c 04       		.uleb128 0x4
 167 011d 25040000 		.4byte	.LASF22
 168 0121 05       		.byte	0x5
 169 0122 16       		.byte	0x16
 170 0123 59000000 		.4byte	0x59
 171 0127 0F       		.uleb128 0xf
ARM GAS  /tmp/ccVhGGzv.s 			page 4


 172 0128 6A010000 		.4byte	.LASF27
 173 012c 18       		.byte	0x18
 174 012d 05       		.byte	0x5
 175 012e 2D       		.byte	0x2d
 176 012f 7A010000 		.4byte	0x17a
 177 0133 0B       		.uleb128 0xb
 178 0134 04040000 		.4byte	.LASF23
 179 0138 05       		.byte	0x5
 180 0139 2F       		.byte	0x2f
 181 013a 7A010000 		.4byte	0x17a
 182 013e 00       		.byte	0
 183 013f 10       		.uleb128 0x10
 184 0140 5F6B00   		.ascii	"_k\000"
 185 0143 05       		.byte	0x5
 186 0144 30       		.byte	0x30
 187 0145 24000000 		.4byte	0x24
 188 0149 04       		.byte	0x4
 189 014a 0B       		.uleb128 0xb
 190 014b AA030000 		.4byte	.LASF24
 191 014f 05       		.byte	0x5
 192 0150 30       		.byte	0x30
 193 0151 24000000 		.4byte	0x24
 194 0155 08       		.byte	0x8
 195 0156 0B       		.uleb128 0xb
 196 0157 53010000 		.4byte	.LASF25
 197 015b 05       		.byte	0x5
 198 015c 30       		.byte	0x30
 199 015d 24000000 		.4byte	0x24
 200 0161 0C       		.byte	0xc
 201 0162 0B       		.uleb128 0xb
 202 0163 75040000 		.4byte	.LASF26
 203 0167 05       		.byte	0x5
 204 0168 30       		.byte	0x30
 205 0169 24000000 		.4byte	0x24
 206 016d 10       		.byte	0x10
 207 016e 10       		.uleb128 0x10
 208 016f 5F7800   		.ascii	"_x\000"
 209 0172 05       		.byte	0x5
 210 0173 31       		.byte	0x31
 211 0174 80010000 		.4byte	0x180
 212 0178 14       		.byte	0x14
 213 0179 00       		.byte	0
 214 017a 0D       		.uleb128 0xd
 215 017b 04       		.byte	0x4
 216 017c 27010000 		.4byte	0x127
 217 0180 08       		.uleb128 0x8
 218 0181 1C010000 		.4byte	0x11c
 219 0185 90010000 		.4byte	0x190
 220 0189 09       		.uleb128 0x9
 221 018a CA000000 		.4byte	0xca
 222 018e 00       		.byte	0
 223 018f 00       		.byte	0
 224 0190 0F       		.uleb128 0xf
 225 0191 B1010000 		.4byte	.LASF28
 226 0195 24       		.byte	0x24
 227 0196 05       		.byte	0x5
 228 0197 35       		.byte	0x35
ARM GAS  /tmp/ccVhGGzv.s 			page 5


 229 0198 09020000 		.4byte	0x209
 230 019c 0B       		.uleb128 0xb
 231 019d 88000000 		.4byte	.LASF29
 232 01a1 05       		.byte	0x5
 233 01a2 37       		.byte	0x37
 234 01a3 24000000 		.4byte	0x24
 235 01a7 00       		.byte	0
 236 01a8 0B       		.uleb128 0xb
 237 01a9 F5030000 		.4byte	.LASF30
 238 01ad 05       		.byte	0x5
 239 01ae 38       		.byte	0x38
 240 01af 24000000 		.4byte	0x24
 241 01b3 04       		.byte	0x4
 242 01b4 0B       		.uleb128 0xb
 243 01b5 B7000000 		.4byte	.LASF31
 244 01b9 05       		.byte	0x5
 245 01ba 39       		.byte	0x39
 246 01bb 24000000 		.4byte	0x24
 247 01bf 08       		.byte	0x8
 248 01c0 0B       		.uleb128 0xb
 249 01c1 07050000 		.4byte	.LASF32
 250 01c5 05       		.byte	0x5
 251 01c6 3A       		.byte	0x3a
 252 01c7 24000000 		.4byte	0x24
 253 01cb 0C       		.byte	0xc
 254 01cc 0B       		.uleb128 0xb
 255 01cd 82020000 		.4byte	.LASF33
 256 01d1 05       		.byte	0x5
 257 01d2 3B       		.byte	0x3b
 258 01d3 24000000 		.4byte	0x24
 259 01d7 10       		.byte	0x10
 260 01d8 0B       		.uleb128 0xb
 261 01d9 68020000 		.4byte	.LASF34
 262 01dd 05       		.byte	0x5
 263 01de 3C       		.byte	0x3c
 264 01df 24000000 		.4byte	0x24
 265 01e3 14       		.byte	0x14
 266 01e4 0B       		.uleb128 0xb
 267 01e5 7A040000 		.4byte	.LASF35
 268 01e9 05       		.byte	0x5
 269 01ea 3D       		.byte	0x3d
 270 01eb 24000000 		.4byte	0x24
 271 01ef 18       		.byte	0x18
 272 01f0 0B       		.uleb128 0xb
 273 01f1 34030000 		.4byte	.LASF36
 274 01f5 05       		.byte	0x5
 275 01f6 3E       		.byte	0x3e
 276 01f7 24000000 		.4byte	0x24
 277 01fb 1C       		.byte	0x1c
 278 01fc 0B       		.uleb128 0xb
 279 01fd B5040000 		.4byte	.LASF37
 280 0201 05       		.byte	0x5
 281 0202 3F       		.byte	0x3f
 282 0203 24000000 		.4byte	0x24
 283 0207 20       		.byte	0x20
 284 0208 00       		.byte	0
 285 0209 11       		.uleb128 0x11
ARM GAS  /tmp/ccVhGGzv.s 			page 6


 286 020a C6000000 		.4byte	.LASF38
 287 020e 0801     		.2byte	0x108
 288 0210 05       		.byte	0x5
 289 0211 48       		.byte	0x48
 290 0212 49020000 		.4byte	0x249
 291 0216 0B       		.uleb128 0xb
 292 0217 3B010000 		.4byte	.LASF39
 293 021b 05       		.byte	0x5
 294 021c 49       		.byte	0x49
 295 021d 49020000 		.4byte	0x249
 296 0221 00       		.byte	0
 297 0222 0B       		.uleb128 0xb
 298 0223 00000000 		.4byte	.LASF40
 299 0227 05       		.byte	0x5
 300 0228 4A       		.byte	0x4a
 301 0229 49020000 		.4byte	0x249
 302 022d 80       		.byte	0x80
 303 022e 12       		.uleb128 0x12
 304 022f 17040000 		.4byte	.LASF41
 305 0233 05       		.byte	0x5
 306 0234 4C       		.byte	0x4c
 307 0235 1C010000 		.4byte	0x11c
 308 0239 0001     		.2byte	0x100
 309 023b 12       		.uleb128 0x12
 310 023c F4000000 		.4byte	.LASF42
 311 0240 05       		.byte	0x5
 312 0241 4F       		.byte	0x4f
 313 0242 1C010000 		.4byte	0x11c
 314 0246 0401     		.2byte	0x104
 315 0248 00       		.byte	0
 316 0249 08       		.uleb128 0x8
 317 024a 08010000 		.4byte	0x108
 318 024e 59020000 		.4byte	0x259
 319 0252 09       		.uleb128 0x9
 320 0253 CA000000 		.4byte	0xca
 321 0257 1F       		.byte	0x1f
 322 0258 00       		.byte	0
 323 0259 11       		.uleb128 0x11
 324 025a 8B020000 		.4byte	.LASF43
 325 025e 9001     		.2byte	0x190
 326 0260 05       		.byte	0x5
 327 0261 5B       		.byte	0x5b
 328 0262 97020000 		.4byte	0x297
 329 0266 0B       		.uleb128 0xb
 330 0267 04040000 		.4byte	.LASF23
 331 026b 05       		.byte	0x5
 332 026c 5C       		.byte	0x5c
 333 026d 97020000 		.4byte	0x297
 334 0271 00       		.byte	0
 335 0272 0B       		.uleb128 0xb
 336 0273 8B030000 		.4byte	.LASF44
 337 0277 05       		.byte	0x5
 338 0278 5D       		.byte	0x5d
 339 0279 24000000 		.4byte	0x24
 340 027d 04       		.byte	0x4
 341 027e 0B       		.uleb128 0xb
 342 027f 43010000 		.4byte	.LASF45
ARM GAS  /tmp/ccVhGGzv.s 			page 7


 343 0283 05       		.byte	0x5
 344 0284 5F       		.byte	0x5f
 345 0285 9D020000 		.4byte	0x29d
 346 0289 08       		.byte	0x8
 347 028a 0B       		.uleb128 0xb
 348 028b C6000000 		.4byte	.LASF38
 349 028f 05       		.byte	0x5
 350 0290 60       		.byte	0x60
 351 0291 09020000 		.4byte	0x209
 352 0295 88       		.byte	0x88
 353 0296 00       		.byte	0
 354 0297 0D       		.uleb128 0xd
 355 0298 04       		.byte	0x4
 356 0299 59020000 		.4byte	0x259
 357 029d 08       		.uleb128 0x8
 358 029e AD020000 		.4byte	0x2ad
 359 02a2 AD020000 		.4byte	0x2ad
 360 02a6 09       		.uleb128 0x9
 361 02a7 CA000000 		.4byte	0xca
 362 02ab 1F       		.byte	0x1f
 363 02ac 00       		.byte	0
 364 02ad 0D       		.uleb128 0xd
 365 02ae 04       		.byte	0x4
 366 02af B3020000 		.4byte	0x2b3
 367 02b3 13       		.uleb128 0x13
 368 02b4 0F       		.uleb128 0xf
 369 02b5 3E030000 		.4byte	.LASF46
 370 02b9 08       		.byte	0x8
 371 02ba 05       		.byte	0x5
 372 02bb 73       		.byte	0x73
 373 02bc D9020000 		.4byte	0x2d9
 374 02c0 0B       		.uleb128 0xb
 375 02c1 B1000000 		.4byte	.LASF47
 376 02c5 05       		.byte	0x5
 377 02c6 74       		.byte	0x74
 378 02c7 D9020000 		.4byte	0x2d9
 379 02cb 00       		.byte	0
 380 02cc 0B       		.uleb128 0xb
 381 02cd 0C000000 		.4byte	.LASF48
 382 02d1 05       		.byte	0x5
 383 02d2 75       		.byte	0x75
 384 02d3 24000000 		.4byte	0x24
 385 02d7 04       		.byte	0x4
 386 02d8 00       		.byte	0
 387 02d9 0D       		.uleb128 0xd
 388 02da 04       		.byte	0x4
 389 02db 32000000 		.4byte	0x32
 390 02df 0F       		.uleb128 0xf
 391 02e0 5D030000 		.4byte	.LASF49
 392 02e4 68       		.byte	0x68
 393 02e5 05       		.byte	0x5
 394 02e6 B3       		.byte	0xb3
 395 02e7 09040000 		.4byte	0x409
 396 02eb 10       		.uleb128 0x10
 397 02ec 5F7000   		.ascii	"_p\000"
 398 02ef 05       		.byte	0x5
 399 02f0 B4       		.byte	0xb4
ARM GAS  /tmp/ccVhGGzv.s 			page 8


 400 02f1 D9020000 		.4byte	0x2d9
 401 02f5 00       		.byte	0
 402 02f6 10       		.uleb128 0x10
 403 02f7 5F7200   		.ascii	"_r\000"
 404 02fa 05       		.byte	0x5
 405 02fb B5       		.byte	0xb5
 406 02fc 24000000 		.4byte	0x24
 407 0300 04       		.byte	0x4
 408 0301 10       		.uleb128 0x10
 409 0302 5F7700   		.ascii	"_w\000"
 410 0305 05       		.byte	0x5
 411 0306 B6       		.byte	0xb6
 412 0307 24000000 		.4byte	0x24
 413 030b 08       		.byte	0x8
 414 030c 0B       		.uleb128 0xb
 415 030d ED000000 		.4byte	.LASF50
 416 0311 05       		.byte	0x5
 417 0312 B7       		.byte	0xb7
 418 0313 39000000 		.4byte	0x39
 419 0317 0C       		.byte	0xc
 420 0318 0B       		.uleb128 0xb
 421 0319 FC010000 		.4byte	.LASF51
 422 031d 05       		.byte	0x5
 423 031e B8       		.byte	0xb8
 424 031f 39000000 		.4byte	0x39
 425 0323 0E       		.byte	0xe
 426 0324 10       		.uleb128 0x10
 427 0325 5F626600 		.ascii	"_bf\000"
 428 0329 05       		.byte	0x5
 429 032a B9       		.byte	0xb9
 430 032b B4020000 		.4byte	0x2b4
 431 032f 10       		.byte	0x10
 432 0330 0B       		.uleb128 0xb
 433 0331 62000000 		.4byte	.LASF52
 434 0335 05       		.byte	0x5
 435 0336 BA       		.byte	0xba
 436 0337 24000000 		.4byte	0x24
 437 033b 18       		.byte	0x18
 438 033c 0B       		.uleb128 0xb
 439 033d D4000000 		.4byte	.LASF53
 440 0341 05       		.byte	0x5
 441 0342 C1       		.byte	0xc1
 442 0343 08010000 		.4byte	0x108
 443 0347 1C       		.byte	0x1c
 444 0348 0B       		.uleb128 0xb
 445 0349 08030000 		.4byte	.LASF54
 446 034d 05       		.byte	0x5
 447 034e C3       		.byte	0xc3
 448 034f 64050000 		.4byte	0x564
 449 0353 20       		.byte	0x20
 450 0354 0B       		.uleb128 0xb
 451 0355 61020000 		.4byte	.LASF55
 452 0359 05       		.byte	0x5
 453 035a C5       		.byte	0xc5
 454 035b 8E050000 		.4byte	0x58e
 455 035f 24       		.byte	0x24
 456 0360 0B       		.uleb128 0xb
ARM GAS  /tmp/ccVhGGzv.s 			page 9


 457 0361 CF030000 		.4byte	.LASF56
 458 0365 05       		.byte	0x5
 459 0366 C8       		.byte	0xc8
 460 0367 B2050000 		.4byte	0x5b2
 461 036b 28       		.byte	0x28
 462 036c 0B       		.uleb128 0xb
 463 036d E8040000 		.4byte	.LASF57
 464 0371 05       		.byte	0x5
 465 0372 C9       		.byte	0xc9
 466 0373 CC050000 		.4byte	0x5cc
 467 0377 2C       		.byte	0x2c
 468 0378 10       		.uleb128 0x10
 469 0379 5F756200 		.ascii	"_ub\000"
 470 037d 05       		.byte	0x5
 471 037e CC       		.byte	0xcc
 472 037f B4020000 		.4byte	0x2b4
 473 0383 30       		.byte	0x30
 474 0384 10       		.uleb128 0x10
 475 0385 5F757000 		.ascii	"_up\000"
 476 0389 05       		.byte	0x5
 477 038a CD       		.byte	0xcd
 478 038b D9020000 		.4byte	0x2d9
 479 038f 38       		.byte	0x38
 480 0390 10       		.uleb128 0x10
 481 0391 5F757200 		.ascii	"_ur\000"
 482 0395 05       		.byte	0x5
 483 0396 CE       		.byte	0xce
 484 0397 24000000 		.4byte	0x24
 485 039b 3C       		.byte	0x3c
 486 039c 0B       		.uleb128 0xb
 487 039d AB000000 		.4byte	.LASF58
 488 03a1 05       		.byte	0x5
 489 03a2 D1       		.byte	0xd1
 490 03a3 D2050000 		.4byte	0x5d2
 491 03a7 40       		.byte	0x40
 492 03a8 0B       		.uleb128 0xb
 493 03a9 A7040000 		.4byte	.LASF59
 494 03ad 05       		.byte	0x5
 495 03ae D2       		.byte	0xd2
 496 03af E2050000 		.4byte	0x5e2
 497 03b3 43       		.byte	0x43
 498 03b4 10       		.uleb128 0x10
 499 03b5 5F6C6200 		.ascii	"_lb\000"
 500 03b9 05       		.byte	0x5
 501 03ba D5       		.byte	0xd5
 502 03bb B4020000 		.4byte	0x2b4
 503 03bf 44       		.byte	0x44
 504 03c0 0B       		.uleb128 0xb
 505 03c1 03010000 		.4byte	.LASF60
 506 03c5 05       		.byte	0x5
 507 03c6 D8       		.byte	0xd8
 508 03c7 24000000 		.4byte	0x24
 509 03cb 4C       		.byte	0x4c
 510 03cc 0B       		.uleb128 0xb
 511 03cd 14010000 		.4byte	.LASF61
 512 03d1 05       		.byte	0x5
 513 03d2 D9       		.byte	0xd9
ARM GAS  /tmp/ccVhGGzv.s 			page 10


 514 03d3 79000000 		.4byte	0x79
 515 03d7 50       		.byte	0x50
 516 03d8 0B       		.uleb128 0xb
 517 03d9 25000000 		.4byte	.LASF62
 518 03dd 05       		.byte	0x5
 519 03de DC       		.byte	0xdc
 520 03df 27040000 		.4byte	0x427
 521 03e3 54       		.byte	0x54
 522 03e4 0B       		.uleb128 0xb
 523 03e5 53020000 		.4byte	.LASF63
 524 03e9 05       		.byte	0x5
 525 03ea E0       		.byte	0xe0
 526 03eb FD000000 		.4byte	0xfd
 527 03ef 58       		.byte	0x58
 528 03f0 0B       		.uleb128 0xb
 529 03f1 65030000 		.4byte	.LASF64
 530 03f5 05       		.byte	0x5
 531 03f6 E2       		.byte	0xe2
 532 03f7 F2000000 		.4byte	0xf2
 533 03fb 5C       		.byte	0x5c
 534 03fc 0B       		.uleb128 0xb
 535 03fd 59020000 		.4byte	.LASF65
 536 0401 05       		.byte	0x5
 537 0402 E3       		.byte	0xe3
 538 0403 24000000 		.4byte	0x24
 539 0407 64       		.byte	0x64
 540 0408 00       		.byte	0
 541 0409 14       		.uleb128 0x14
 542 040a 24000000 		.4byte	0x24
 543 040e 27040000 		.4byte	0x427
 544 0412 15       		.uleb128 0x15
 545 0413 27040000 		.4byte	0x427
 546 0417 15       		.uleb128 0x15
 547 0418 08010000 		.4byte	0x108
 548 041c 15       		.uleb128 0x15
 549 041d 0A010000 		.4byte	0x10a
 550 0421 15       		.uleb128 0x15
 551 0422 24000000 		.4byte	0x24
 552 0426 00       		.byte	0
 553 0427 0D       		.uleb128 0xd
 554 0428 04       		.byte	0x4
 555 0429 32040000 		.4byte	0x432
 556 042d 0E       		.uleb128 0xe
 557 042e 27040000 		.4byte	0x427
 558 0432 16       		.uleb128 0x16
 559 0433 B2030000 		.4byte	.LASF66
 560 0437 2804     		.2byte	0x428
 561 0439 05       		.byte	0x5
 562 043a 3802     		.2byte	0x238
 563 043c 64050000 		.4byte	0x564
 564 0440 17       		.uleb128 0x17
 565 0441 E9030000 		.4byte	.LASF67
 566 0445 05       		.byte	0x5
 567 0446 3A02     		.2byte	0x23a
 568 0448 24000000 		.4byte	0x24
 569 044c 00       		.byte	0
 570 044d 17       		.uleb128 0x17
ARM GAS  /tmp/ccVhGGzv.s 			page 11


 571 044e FC000000 		.4byte	.LASF68
 572 0452 05       		.byte	0x5
 573 0453 3F02     		.2byte	0x23f
 574 0455 39060000 		.4byte	0x639
 575 0459 04       		.byte	0x4
 576 045a 17       		.uleb128 0x17
 577 045b DA010000 		.4byte	.LASF69
 578 045f 05       		.byte	0x5
 579 0460 3F02     		.2byte	0x23f
 580 0462 39060000 		.4byte	0x639
 581 0466 08       		.byte	0x8
 582 0467 17       		.uleb128 0x17
 583 0468 62010000 		.4byte	.LASF70
 584 046c 05       		.byte	0x5
 585 046d 3F02     		.2byte	0x23f
 586 046f 39060000 		.4byte	0x639
 587 0473 0C       		.byte	0xc
 588 0474 17       		.uleb128 0x17
 589 0475 86030000 		.4byte	.LASF71
 590 0479 05       		.byte	0x5
 591 047a 4102     		.2byte	0x241
 592 047c 24000000 		.4byte	0x24
 593 0480 10       		.byte	0x10
 594 0481 17       		.uleb128 0x17
 595 0482 1A000000 		.4byte	.LASF72
 596 0486 05       		.byte	0x5
 597 0487 4202     		.2byte	0x242
 598 0489 1B080000 		.4byte	0x81b
 599 048d 14       		.byte	0x14
 600 048e 17       		.uleb128 0x17
 601 048f 4D040000 		.4byte	.LASF73
 602 0493 05       		.byte	0x5
 603 0494 4402     		.2byte	0x244
 604 0496 24000000 		.4byte	0x24
 605 049a 30       		.byte	0x30
 606 049b 17       		.uleb128 0x17
 607 049c 90030000 		.4byte	.LASF74
 608 04a0 05       		.byte	0x5
 609 04a1 4502     		.2byte	0x245
 610 04a3 88050000 		.4byte	0x588
 611 04a7 34       		.byte	0x34
 612 04a8 17       		.uleb128 0x17
 613 04a9 93020000 		.4byte	.LASF75
 614 04ad 05       		.byte	0x5
 615 04ae 4702     		.2byte	0x247
 616 04b0 24000000 		.4byte	0x24
 617 04b4 38       		.byte	0x38
 618 04b5 17       		.uleb128 0x17
 619 04b6 A0030000 		.4byte	.LASF76
 620 04ba 05       		.byte	0x5
 621 04bb 4902     		.2byte	0x249
 622 04bd 36080000 		.4byte	0x836
 623 04c1 3C       		.byte	0x3c
 624 04c2 17       		.uleb128 0x17
 625 04c3 3E020000 		.4byte	.LASF77
 626 04c7 05       		.byte	0x5
 627 04c8 4C02     		.2byte	0x24c
ARM GAS  /tmp/ccVhGGzv.s 			page 12


 628 04ca 7A010000 		.4byte	0x17a
 629 04ce 40       		.byte	0x40
 630 04cf 17       		.uleb128 0x17
 631 04d0 A7010000 		.4byte	.LASF78
 632 04d4 05       		.byte	0x5
 633 04d5 4D02     		.2byte	0x24d
 634 04d7 24000000 		.4byte	0x24
 635 04db 44       		.byte	0x44
 636 04dc 17       		.uleb128 0x17
 637 04dd 02050000 		.4byte	.LASF79
 638 04e1 05       		.byte	0x5
 639 04e2 4E02     		.2byte	0x24e
 640 04e4 7A010000 		.4byte	0x17a
 641 04e8 48       		.byte	0x48
 642 04e9 17       		.uleb128 0x17
 643 04ea EC020000 		.4byte	.LASF80
 644 04ee 05       		.byte	0x5
 645 04ef 4F02     		.2byte	0x24f
 646 04f1 3C080000 		.4byte	0x83c
 647 04f5 4C       		.byte	0x4c
 648 04f6 17       		.uleb128 0x17
 649 04f7 E2010000 		.4byte	.LASF81
 650 04fb 05       		.byte	0x5
 651 04fc 5202     		.2byte	0x252
 652 04fe 24000000 		.4byte	0x24
 653 0502 50       		.byte	0x50
 654 0503 17       		.uleb128 0x17
 655 0504 0C010000 		.4byte	.LASF82
 656 0508 05       		.byte	0x5
 657 0509 5302     		.2byte	0x253
 658 050b 0A010000 		.4byte	0x10a
 659 050f 54       		.byte	0x54
 660 0510 17       		.uleb128 0x17
 661 0511 1C030000 		.4byte	.LASF83
 662 0515 05       		.byte	0x5
 663 0516 7602     		.2byte	0x276
 664 0518 F9070000 		.4byte	0x7f9
 665 051c 58       		.byte	0x58
 666 051d 18       		.uleb128 0x18
 667 051e 8B020000 		.4byte	.LASF43
 668 0522 05       		.byte	0x5
 669 0523 7A02     		.2byte	0x27a
 670 0525 97020000 		.4byte	0x297
 671 0529 4801     		.2byte	0x148
 672 052b 18       		.uleb128 0x18
 673 052c 1C020000 		.4byte	.LASF84
 674 0530 05       		.byte	0x5
 675 0531 7B02     		.2byte	0x27b
 676 0533 59020000 		.4byte	0x259
 677 0537 4C01     		.2byte	0x14c
 678 0539 18       		.uleb128 0x18
 679 053a 9D040000 		.4byte	.LASF85
 680 053e 05       		.byte	0x5
 681 053f 7F02     		.2byte	0x27f
 682 0541 4D080000 		.4byte	0x84d
 683 0545 DC02     		.2byte	0x2dc
 684 0547 18       		.uleb128 0x18
ARM GAS  /tmp/ccVhGGzv.s 			page 13


 685 0548 DC000000 		.4byte	.LASF86
 686 054c 05       		.byte	0x5
 687 054d 8402     		.2byte	0x284
 688 054f FE050000 		.4byte	0x5fe
 689 0553 E002     		.2byte	0x2e0
 690 0555 18       		.uleb128 0x18
 691 0556 C1000000 		.4byte	.LASF87
 692 055a 05       		.byte	0x5
 693 055b 8502     		.2byte	0x285
 694 055d 59080000 		.4byte	0x859
 695 0561 EC02     		.2byte	0x2ec
 696 0563 00       		.byte	0
 697 0564 0D       		.uleb128 0xd
 698 0565 04       		.byte	0x4
 699 0566 09040000 		.4byte	0x409
 700 056a 14       		.uleb128 0x14
 701 056b 24000000 		.4byte	0x24
 702 056f 88050000 		.4byte	0x588
 703 0573 15       		.uleb128 0x15
 704 0574 27040000 		.4byte	0x427
 705 0578 15       		.uleb128 0x15
 706 0579 08010000 		.4byte	0x108
 707 057d 15       		.uleb128 0x15
 708 057e 88050000 		.4byte	0x588
 709 0582 15       		.uleb128 0x15
 710 0583 24000000 		.4byte	0x24
 711 0587 00       		.byte	0
 712 0588 0D       		.uleb128 0xd
 713 0589 04       		.byte	0x4
 714 058a 17010000 		.4byte	0x117
 715 058e 0D       		.uleb128 0xd
 716 058f 04       		.byte	0x4
 717 0590 6A050000 		.4byte	0x56a
 718 0594 14       		.uleb128 0x14
 719 0595 84000000 		.4byte	0x84
 720 0599 B2050000 		.4byte	0x5b2
 721 059d 15       		.uleb128 0x15
 722 059e 27040000 		.4byte	0x427
 723 05a2 15       		.uleb128 0x15
 724 05a3 08010000 		.4byte	0x108
 725 05a7 15       		.uleb128 0x15
 726 05a8 84000000 		.4byte	0x84
 727 05ac 15       		.uleb128 0x15
 728 05ad 24000000 		.4byte	0x24
 729 05b1 00       		.byte	0
 730 05b2 0D       		.uleb128 0xd
 731 05b3 04       		.byte	0x4
 732 05b4 94050000 		.4byte	0x594
 733 05b8 14       		.uleb128 0x14
 734 05b9 24000000 		.4byte	0x24
 735 05bd CC050000 		.4byte	0x5cc
 736 05c1 15       		.uleb128 0x15
 737 05c2 27040000 		.4byte	0x427
 738 05c6 15       		.uleb128 0x15
 739 05c7 08010000 		.4byte	0x108
 740 05cb 00       		.byte	0
 741 05cc 0D       		.uleb128 0xd
ARM GAS  /tmp/ccVhGGzv.s 			page 14


 742 05cd 04       		.byte	0x4
 743 05ce B8050000 		.4byte	0x5b8
 744 05d2 08       		.uleb128 0x8
 745 05d3 32000000 		.4byte	0x32
 746 05d7 E2050000 		.4byte	0x5e2
 747 05db 09       		.uleb128 0x9
 748 05dc CA000000 		.4byte	0xca
 749 05e0 02       		.byte	0x2
 750 05e1 00       		.byte	0
 751 05e2 08       		.uleb128 0x8
 752 05e3 32000000 		.4byte	0x32
 753 05e7 F2050000 		.4byte	0x5f2
 754 05eb 09       		.uleb128 0x9
 755 05ec CA000000 		.4byte	0xca
 756 05f0 00       		.byte	0
 757 05f1 00       		.byte	0
 758 05f2 05       		.uleb128 0x5
 759 05f3 4B030000 		.4byte	.LASF88
 760 05f7 05       		.byte	0x5
 761 05f8 1D01     		.2byte	0x11d
 762 05fa DF020000 		.4byte	0x2df
 763 05fe 19       		.uleb128 0x19
 764 05ff 84040000 		.4byte	.LASF89
 765 0603 0C       		.byte	0xc
 766 0604 05       		.byte	0x5
 767 0605 2101     		.2byte	0x121
 768 0607 33060000 		.4byte	0x633
 769 060b 17       		.uleb128 0x17
 770 060c 04040000 		.4byte	.LASF23
 771 0610 05       		.byte	0x5
 772 0611 2301     		.2byte	0x123
 773 0613 33060000 		.4byte	0x633
 774 0617 00       		.byte	0
 775 0618 17       		.uleb128 0x17
 776 0619 02020000 		.4byte	.LASF90
 777 061d 05       		.byte	0x5
 778 061e 2401     		.2byte	0x124
 779 0620 24000000 		.4byte	0x24
 780 0624 04       		.byte	0x4
 781 0625 17       		.uleb128 0x17
 782 0626 45030000 		.4byte	.LASF91
 783 062a 05       		.byte	0x5
 784 062b 2501     		.2byte	0x125
 785 062d 39060000 		.4byte	0x639
 786 0631 08       		.byte	0x8
 787 0632 00       		.byte	0
 788 0633 0D       		.uleb128 0xd
 789 0634 04       		.byte	0x4
 790 0635 FE050000 		.4byte	0x5fe
 791 0639 0D       		.uleb128 0xd
 792 063a 04       		.byte	0x4
 793 063b F2050000 		.4byte	0x5f2
 794 063f 19       		.uleb128 0x19
 795 0640 12000000 		.4byte	.LASF92
 796 0644 0E       		.byte	0xe
 797 0645 05       		.byte	0x5
 798 0646 3D01     		.2byte	0x13d
ARM GAS  /tmp/ccVhGGzv.s 			page 15


 799 0648 74060000 		.4byte	0x674
 800 064c 17       		.uleb128 0x17
 801 064d B9030000 		.4byte	.LASF93
 802 0651 05       		.byte	0x5
 803 0652 3E01     		.2byte	0x13e
 804 0654 74060000 		.4byte	0x674
 805 0658 00       		.byte	0
 806 0659 17       		.uleb128 0x17
 807 065a FE030000 		.4byte	.LASF94
 808 065e 05       		.byte	0x5
 809 065f 3F01     		.2byte	0x13f
 810 0661 74060000 		.4byte	0x674
 811 0665 06       		.byte	0x6
 812 0666 17       		.uleb128 0x17
 813 0667 20040000 		.4byte	.LASF95
 814 066b 05       		.byte	0x5
 815 066c 4001     		.2byte	0x140
 816 066e 40000000 		.4byte	0x40
 817 0672 0C       		.byte	0xc
 818 0673 00       		.byte	0
 819 0674 08       		.uleb128 0x8
 820 0675 40000000 		.4byte	0x40
 821 0679 84060000 		.4byte	0x684
 822 067d 09       		.uleb128 0x9
 823 067e CA000000 		.4byte	0xca
 824 0682 02       		.byte	0x2
 825 0683 00       		.byte	0
 826 0684 1A       		.uleb128 0x1a
 827 0685 D0       		.byte	0xd0
 828 0686 05       		.byte	0x5
 829 0687 5702     		.2byte	0x257
 830 0689 85070000 		.4byte	0x785
 831 068d 17       		.uleb128 0x17
 832 068e 68040000 		.4byte	.LASF96
 833 0692 05       		.byte	0x5
 834 0693 5902     		.2byte	0x259
 835 0695 1D000000 		.4byte	0x1d
 836 0699 00       		.byte	0
 837 069a 17       		.uleb128 0x17
 838 069b 0A040000 		.4byte	.LASF97
 839 069f 05       		.byte	0x5
 840 06a0 5A02     		.2byte	0x25a
 841 06a2 0A010000 		.4byte	0x10a
 842 06a6 04       		.byte	0x4
 843 06a7 17       		.uleb128 0x17
 844 06a8 31020000 		.4byte	.LASF98
 845 06ac 05       		.byte	0x5
 846 06ad 5B02     		.2byte	0x25b
 847 06af 85070000 		.4byte	0x785
 848 06b3 08       		.byte	0x8
 849 06b4 17       		.uleb128 0x17
 850 06b5 C0040000 		.4byte	.LASF99
 851 06b9 05       		.byte	0x5
 852 06ba 5C02     		.2byte	0x25c
 853 06bc 90010000 		.4byte	0x190
 854 06c0 24       		.byte	0x24
 855 06c1 17       		.uleb128 0x17
ARM GAS  /tmp/ccVhGGzv.s 			page 16


 856 06c2 72010000 		.4byte	.LASF100
 857 06c6 05       		.byte	0x5
 858 06c7 5D02     		.2byte	0x25d
 859 06c9 24000000 		.4byte	0x24
 860 06cd 48       		.byte	0x48
 861 06ce 17       		.uleb128 0x17
 862 06cf 6E030000 		.4byte	.LASF101
 863 06d3 05       		.byte	0x5
 864 06d4 5E02     		.2byte	0x25e
 865 06d6 67000000 		.4byte	0x67
 866 06da 50       		.byte	0x50
 867 06db 17       		.uleb128 0x17
 868 06dc EF040000 		.4byte	.LASF102
 869 06e0 05       		.byte	0x5
 870 06e1 5F02     		.2byte	0x25f
 871 06e3 3F060000 		.4byte	0x63f
 872 06e7 58       		.byte	0x58
 873 06e8 17       		.uleb128 0x17
 874 06e9 79030000 		.4byte	.LASF103
 875 06ed 05       		.byte	0x5
 876 06ee 6002     		.2byte	0x260
 877 06f0 F2000000 		.4byte	0xf2
 878 06f4 68       		.byte	0x68
 879 06f5 17       		.uleb128 0x17
 880 06f6 F4040000 		.4byte	.LASF104
 881 06fa 05       		.byte	0x5
 882 06fb 6102     		.2byte	0x261
 883 06fd F2000000 		.4byte	0xf2
 884 0701 70       		.byte	0x70
 885 0702 17       		.uleb128 0x17
 886 0703 7A000000 		.4byte	.LASF105
 887 0707 05       		.byte	0x5
 888 0708 6202     		.2byte	0x262
 889 070a F2000000 		.4byte	0xf2
 890 070e 78       		.byte	0x78
 891 070f 17       		.uleb128 0x17
 892 0710 93040000 		.4byte	.LASF106
 893 0714 05       		.byte	0x5
 894 0715 6302     		.2byte	0x263
 895 0717 95070000 		.4byte	0x795
 896 071b 80       		.byte	0x80
 897 071c 17       		.uleb128 0x17
 898 071d 25020000 		.4byte	.LASF107
 899 0721 05       		.byte	0x5
 900 0722 6402     		.2byte	0x264
 901 0724 A5070000 		.4byte	0x7a5
 902 0728 88       		.byte	0x88
 903 0729 17       		.uleb128 0x17
 904 072a 2D040000 		.4byte	.LASF108
 905 072e 05       		.byte	0x5
 906 072f 6502     		.2byte	0x265
 907 0731 24000000 		.4byte	0x24
 908 0735 A0       		.byte	0xa0
 909 0736 17       		.uleb128 0x17
 910 0737 2D010000 		.4byte	.LASF109
 911 073b 05       		.byte	0x5
 912 073c 6602     		.2byte	0x266
ARM GAS  /tmp/ccVhGGzv.s 			page 17


 913 073e F2000000 		.4byte	0xf2
 914 0742 A4       		.byte	0xa4
 915 0743 17       		.uleb128 0x17
 916 0744 6B000000 		.4byte	.LASF110
 917 0748 05       		.byte	0x5
 918 0749 6702     		.2byte	0x267
 919 074b F2000000 		.4byte	0xf2
 920 074f AC       		.byte	0xac
 921 0750 17       		.uleb128 0x17
 922 0751 1C010000 		.4byte	.LASF111
 923 0755 05       		.byte	0x5
 924 0756 6802     		.2byte	0x268
 925 0758 F2000000 		.4byte	0xf2
 926 075c B4       		.byte	0xb4
 927 075d 17       		.uleb128 0x17
 928 075e 2B000000 		.4byte	.LASF112
 929 0762 05       		.byte	0x5
 930 0763 6902     		.2byte	0x269
 931 0765 F2000000 		.4byte	0xf2
 932 0769 BC       		.byte	0xbc
 933 076a 17       		.uleb128 0x17
 934 076b 3A000000 		.4byte	.LASF113
 935 076f 05       		.byte	0x5
 936 0770 6A02     		.2byte	0x26a
 937 0772 F2000000 		.4byte	0xf2
 938 0776 C4       		.byte	0xc4
 939 0777 17       		.uleb128 0x17
 940 0778 21030000 		.4byte	.LASF114
 941 077c 05       		.byte	0x5
 942 077d 6B02     		.2byte	0x26b
 943 077f 24000000 		.4byte	0x24
 944 0783 CC       		.byte	0xcc
 945 0784 00       		.byte	0
 946 0785 08       		.uleb128 0x8
 947 0786 10010000 		.4byte	0x110
 948 078a 95070000 		.4byte	0x795
 949 078e 09       		.uleb128 0x9
 950 078f CA000000 		.4byte	0xca
 951 0793 19       		.byte	0x19
 952 0794 00       		.byte	0
 953 0795 08       		.uleb128 0x8
 954 0796 10010000 		.4byte	0x110
 955 079a A5070000 		.4byte	0x7a5
 956 079e 09       		.uleb128 0x9
 957 079f CA000000 		.4byte	0xca
 958 07a3 07       		.byte	0x7
 959 07a4 00       		.byte	0
 960 07a5 08       		.uleb128 0x8
 961 07a6 10010000 		.4byte	0x110
 962 07aa B5070000 		.4byte	0x7b5
 963 07ae 09       		.uleb128 0x9
 964 07af CA000000 		.4byte	0xca
 965 07b3 17       		.byte	0x17
 966 07b4 00       		.byte	0
 967 07b5 1A       		.uleb128 0x1a
 968 07b6 F0       		.byte	0xf0
 969 07b7 05       		.byte	0x5
ARM GAS  /tmp/ccVhGGzv.s 			page 18


 970 07b8 7002     		.2byte	0x270
 971 07ba D9070000 		.4byte	0x7d9
 972 07be 17       		.uleb128 0x17
 973 07bf 7B020000 		.4byte	.LASF115
 974 07c3 05       		.byte	0x5
 975 07c4 7302     		.2byte	0x273
 976 07c6 D9070000 		.4byte	0x7d9
 977 07ca 00       		.byte	0
 978 07cb 17       		.uleb128 0x17
 979 07cc 8A040000 		.4byte	.LASF116
 980 07d0 05       		.byte	0x5
 981 07d1 7402     		.2byte	0x274
 982 07d3 E9070000 		.4byte	0x7e9
 983 07d7 78       		.byte	0x78
 984 07d8 00       		.byte	0
 985 07d9 08       		.uleb128 0x8
 986 07da D9020000 		.4byte	0x2d9
 987 07de E9070000 		.4byte	0x7e9
 988 07e2 09       		.uleb128 0x9
 989 07e3 CA000000 		.4byte	0xca
 990 07e7 1D       		.byte	0x1d
 991 07e8 00       		.byte	0
 992 07e9 08       		.uleb128 0x8
 993 07ea 1D000000 		.4byte	0x1d
 994 07ee F9070000 		.4byte	0x7f9
 995 07f2 09       		.uleb128 0x9
 996 07f3 CA000000 		.4byte	0xca
 997 07f7 1D       		.byte	0x1d
 998 07f8 00       		.byte	0
 999 07f9 1B       		.uleb128 0x1b
 1000 07fa F0       		.byte	0xf0
 1001 07fb 05       		.byte	0x5
 1002 07fc 5502     		.2byte	0x255
 1003 07fe 1B080000 		.4byte	0x81b
 1004 0802 1C       		.uleb128 0x1c
 1005 0803 B2030000 		.4byte	.LASF66
 1006 0807 05       		.byte	0x5
 1007 0808 6C02     		.2byte	0x26c
 1008 080a 84060000 		.4byte	0x684
 1009 080e 1C       		.uleb128 0x1c
 1010 080f AD040000 		.4byte	.LASF117
 1011 0813 05       		.byte	0x5
 1012 0814 7502     		.2byte	0x275
 1013 0816 B5070000 		.4byte	0x7b5
 1014 081a 00       		.byte	0
 1015 081b 08       		.uleb128 0x8
 1016 081c 10010000 		.4byte	0x110
 1017 0820 2B080000 		.4byte	0x82b
 1018 0824 09       		.uleb128 0x9
 1019 0825 CA000000 		.4byte	0xca
 1020 0829 18       		.byte	0x18
 1021 082a 00       		.byte	0
 1022 082b 1D       		.uleb128 0x1d
 1023 082c 36080000 		.4byte	0x836
 1024 0830 15       		.uleb128 0x15
 1025 0831 27040000 		.4byte	0x427
 1026 0835 00       		.byte	0
ARM GAS  /tmp/ccVhGGzv.s 			page 19


 1027 0836 0D       		.uleb128 0xd
 1028 0837 04       		.byte	0x4
 1029 0838 2B080000 		.4byte	0x82b
 1030 083c 0D       		.uleb128 0xd
 1031 083d 04       		.byte	0x4
 1032 083e 7A010000 		.4byte	0x17a
 1033 0842 1D       		.uleb128 0x1d
 1034 0843 4D080000 		.4byte	0x84d
 1035 0847 15       		.uleb128 0x15
 1036 0848 24000000 		.4byte	0x24
 1037 084c 00       		.byte	0
 1038 084d 0D       		.uleb128 0xd
 1039 084e 04       		.byte	0x4
 1040 084f 53080000 		.4byte	0x853
 1041 0853 0D       		.uleb128 0xd
 1042 0854 04       		.byte	0x4
 1043 0855 42080000 		.4byte	0x842
 1044 0859 08       		.uleb128 0x8
 1045 085a F2050000 		.4byte	0x5f2
 1046 085e 69080000 		.4byte	0x869
 1047 0862 09       		.uleb128 0x9
 1048 0863 CA000000 		.4byte	0xca
 1049 0867 02       		.byte	0x2
 1050 0868 00       		.byte	0
 1051 0869 1E       		.uleb128 0x1e
 1052 086a D5030000 		.4byte	.LASF118
 1053 086e 05       		.byte	0x5
 1054 086f FD02     		.2byte	0x2fd
 1055 0871 27040000 		.4byte	0x427
 1056 0875 1E       		.uleb128 0x1e
 1057 0876 3A040000 		.4byte	.LASF119
 1058 087a 05       		.byte	0x5
 1059 087b FE02     		.2byte	0x2fe
 1060 087d 2D040000 		.4byte	0x42d
 1061 0881 04       		.uleb128 0x4
 1062 0882 5F040000 		.4byte	.LASF120
 1063 0886 06       		.byte	0x6
 1064 0887 30       		.byte	0x30
 1065 0888 4E000000 		.4byte	0x4e
 1066 088c 1F       		.uleb128 0x1f
 1067 088d CA010000 		.4byte	.LASF121
 1068 0891 07       		.byte	0x7
 1069 0892 2B       		.byte	0x2b
 1070 0893 81080000 		.4byte	0x881
 1071 0897 00       		.byte	0
 1072              		.section	.debug_abbrev,"",%progbits
 1073              	.Ldebug_abbrev0:
 1074 0000 01       		.uleb128 0x1
 1075 0001 11       		.uleb128 0x11
 1076 0002 01       		.byte	0x1
 1077 0003 25       		.uleb128 0x25
 1078 0004 0E       		.uleb128 0xe
 1079 0005 13       		.uleb128 0x13
 1080 0006 0B       		.uleb128 0xb
 1081 0007 03       		.uleb128 0x3
 1082 0008 0E       		.uleb128 0xe
 1083 0009 1B       		.uleb128 0x1b
ARM GAS  /tmp/ccVhGGzv.s 			page 20


 1084 000a 0E       		.uleb128 0xe
 1085 000b 10       		.uleb128 0x10
 1086 000c 17       		.uleb128 0x17
 1087 000d 00       		.byte	0
 1088 000e 00       		.byte	0
 1089 000f 02       		.uleb128 0x2
 1090 0010 24       		.uleb128 0x24
 1091 0011 00       		.byte	0
 1092 0012 0B       		.uleb128 0xb
 1093 0013 0B       		.uleb128 0xb
 1094 0014 3E       		.uleb128 0x3e
 1095 0015 0B       		.uleb128 0xb
 1096 0016 03       		.uleb128 0x3
 1097 0017 0E       		.uleb128 0xe
 1098 0018 00       		.byte	0
 1099 0019 00       		.byte	0
 1100 001a 03       		.uleb128 0x3
 1101 001b 24       		.uleb128 0x24
 1102 001c 00       		.byte	0
 1103 001d 0B       		.uleb128 0xb
 1104 001e 0B       		.uleb128 0xb
 1105 001f 3E       		.uleb128 0x3e
 1106 0020 0B       		.uleb128 0xb
 1107 0021 03       		.uleb128 0x3
 1108 0022 08       		.uleb128 0x8
 1109 0023 00       		.byte	0
 1110 0024 00       		.byte	0
 1111 0025 04       		.uleb128 0x4
 1112 0026 16       		.uleb128 0x16
 1113 0027 00       		.byte	0
 1114 0028 03       		.uleb128 0x3
 1115 0029 0E       		.uleb128 0xe
 1116 002a 3A       		.uleb128 0x3a
 1117 002b 0B       		.uleb128 0xb
 1118 002c 3B       		.uleb128 0x3b
 1119 002d 0B       		.uleb128 0xb
 1120 002e 49       		.uleb128 0x49
 1121 002f 13       		.uleb128 0x13
 1122 0030 00       		.byte	0
 1123 0031 00       		.byte	0
 1124 0032 05       		.uleb128 0x5
 1125 0033 16       		.uleb128 0x16
 1126 0034 00       		.byte	0
 1127 0035 03       		.uleb128 0x3
 1128 0036 0E       		.uleb128 0xe
 1129 0037 3A       		.uleb128 0x3a
 1130 0038 0B       		.uleb128 0xb
 1131 0039 3B       		.uleb128 0x3b
 1132 003a 05       		.uleb128 0x5
 1133 003b 49       		.uleb128 0x49
 1134 003c 13       		.uleb128 0x13
 1135 003d 00       		.byte	0
 1136 003e 00       		.byte	0
 1137 003f 06       		.uleb128 0x6
 1138 0040 17       		.uleb128 0x17
 1139 0041 01       		.byte	0x1
 1140 0042 0B       		.uleb128 0xb
ARM GAS  /tmp/ccVhGGzv.s 			page 21


 1141 0043 0B       		.uleb128 0xb
 1142 0044 3A       		.uleb128 0x3a
 1143 0045 0B       		.uleb128 0xb
 1144 0046 3B       		.uleb128 0x3b
 1145 0047 0B       		.uleb128 0xb
 1146 0048 01       		.uleb128 0x1
 1147 0049 13       		.uleb128 0x13
 1148 004a 00       		.byte	0
 1149 004b 00       		.byte	0
 1150 004c 07       		.uleb128 0x7
 1151 004d 0D       		.uleb128 0xd
 1152 004e 00       		.byte	0
 1153 004f 03       		.uleb128 0x3
 1154 0050 0E       		.uleb128 0xe
 1155 0051 3A       		.uleb128 0x3a
 1156 0052 0B       		.uleb128 0xb
 1157 0053 3B       		.uleb128 0x3b
 1158 0054 0B       		.uleb128 0xb
 1159 0055 49       		.uleb128 0x49
 1160 0056 13       		.uleb128 0x13
 1161 0057 00       		.byte	0
 1162 0058 00       		.byte	0
 1163 0059 08       		.uleb128 0x8
 1164 005a 01       		.uleb128 0x1
 1165 005b 01       		.byte	0x1
 1166 005c 49       		.uleb128 0x49
 1167 005d 13       		.uleb128 0x13
 1168 005e 01       		.uleb128 0x1
 1169 005f 13       		.uleb128 0x13
 1170 0060 00       		.byte	0
 1171 0061 00       		.byte	0
 1172 0062 09       		.uleb128 0x9
 1173 0063 21       		.uleb128 0x21
 1174 0064 00       		.byte	0
 1175 0065 49       		.uleb128 0x49
 1176 0066 13       		.uleb128 0x13
 1177 0067 2F       		.uleb128 0x2f
 1178 0068 0B       		.uleb128 0xb
 1179 0069 00       		.byte	0
 1180 006a 00       		.byte	0
 1181 006b 0A       		.uleb128 0xa
 1182 006c 13       		.uleb128 0x13
 1183 006d 01       		.byte	0x1
 1184 006e 0B       		.uleb128 0xb
 1185 006f 0B       		.uleb128 0xb
 1186 0070 3A       		.uleb128 0x3a
 1187 0071 0B       		.uleb128 0xb
 1188 0072 3B       		.uleb128 0x3b
 1189 0073 0B       		.uleb128 0xb
 1190 0074 01       		.uleb128 0x1
 1191 0075 13       		.uleb128 0x13
 1192 0076 00       		.byte	0
 1193 0077 00       		.byte	0
 1194 0078 0B       		.uleb128 0xb
 1195 0079 0D       		.uleb128 0xd
 1196 007a 00       		.byte	0
 1197 007b 03       		.uleb128 0x3
ARM GAS  /tmp/ccVhGGzv.s 			page 22


 1198 007c 0E       		.uleb128 0xe
 1199 007d 3A       		.uleb128 0x3a
 1200 007e 0B       		.uleb128 0xb
 1201 007f 3B       		.uleb128 0x3b
 1202 0080 0B       		.uleb128 0xb
 1203 0081 49       		.uleb128 0x49
 1204 0082 13       		.uleb128 0x13
 1205 0083 38       		.uleb128 0x38
 1206 0084 0B       		.uleb128 0xb
 1207 0085 00       		.byte	0
 1208 0086 00       		.byte	0
 1209 0087 0C       		.uleb128 0xc
 1210 0088 0F       		.uleb128 0xf
 1211 0089 00       		.byte	0
 1212 008a 0B       		.uleb128 0xb
 1213 008b 0B       		.uleb128 0xb
 1214 008c 00       		.byte	0
 1215 008d 00       		.byte	0
 1216 008e 0D       		.uleb128 0xd
 1217 008f 0F       		.uleb128 0xf
 1218 0090 00       		.byte	0
 1219 0091 0B       		.uleb128 0xb
 1220 0092 0B       		.uleb128 0xb
 1221 0093 49       		.uleb128 0x49
 1222 0094 13       		.uleb128 0x13
 1223 0095 00       		.byte	0
 1224 0096 00       		.byte	0
 1225 0097 0E       		.uleb128 0xe
 1226 0098 26       		.uleb128 0x26
 1227 0099 00       		.byte	0
 1228 009a 49       		.uleb128 0x49
 1229 009b 13       		.uleb128 0x13
 1230 009c 00       		.byte	0
 1231 009d 00       		.byte	0
 1232 009e 0F       		.uleb128 0xf
 1233 009f 13       		.uleb128 0x13
 1234 00a0 01       		.byte	0x1
 1235 00a1 03       		.uleb128 0x3
 1236 00a2 0E       		.uleb128 0xe
 1237 00a3 0B       		.uleb128 0xb
 1238 00a4 0B       		.uleb128 0xb
 1239 00a5 3A       		.uleb128 0x3a
 1240 00a6 0B       		.uleb128 0xb
 1241 00a7 3B       		.uleb128 0x3b
 1242 00a8 0B       		.uleb128 0xb
 1243 00a9 01       		.uleb128 0x1
 1244 00aa 13       		.uleb128 0x13
 1245 00ab 00       		.byte	0
 1246 00ac 00       		.byte	0
 1247 00ad 10       		.uleb128 0x10
 1248 00ae 0D       		.uleb128 0xd
 1249 00af 00       		.byte	0
 1250 00b0 03       		.uleb128 0x3
 1251 00b1 08       		.uleb128 0x8
 1252 00b2 3A       		.uleb128 0x3a
 1253 00b3 0B       		.uleb128 0xb
 1254 00b4 3B       		.uleb128 0x3b
ARM GAS  /tmp/ccVhGGzv.s 			page 23


 1255 00b5 0B       		.uleb128 0xb
 1256 00b6 49       		.uleb128 0x49
 1257 00b7 13       		.uleb128 0x13
 1258 00b8 38       		.uleb128 0x38
 1259 00b9 0B       		.uleb128 0xb
 1260 00ba 00       		.byte	0
 1261 00bb 00       		.byte	0
 1262 00bc 11       		.uleb128 0x11
 1263 00bd 13       		.uleb128 0x13
 1264 00be 01       		.byte	0x1
 1265 00bf 03       		.uleb128 0x3
 1266 00c0 0E       		.uleb128 0xe
 1267 00c1 0B       		.uleb128 0xb
 1268 00c2 05       		.uleb128 0x5
 1269 00c3 3A       		.uleb128 0x3a
 1270 00c4 0B       		.uleb128 0xb
 1271 00c5 3B       		.uleb128 0x3b
 1272 00c6 0B       		.uleb128 0xb
 1273 00c7 01       		.uleb128 0x1
 1274 00c8 13       		.uleb128 0x13
 1275 00c9 00       		.byte	0
 1276 00ca 00       		.byte	0
 1277 00cb 12       		.uleb128 0x12
 1278 00cc 0D       		.uleb128 0xd
 1279 00cd 00       		.byte	0
 1280 00ce 03       		.uleb128 0x3
 1281 00cf 0E       		.uleb128 0xe
 1282 00d0 3A       		.uleb128 0x3a
 1283 00d1 0B       		.uleb128 0xb
 1284 00d2 3B       		.uleb128 0x3b
 1285 00d3 0B       		.uleb128 0xb
 1286 00d4 49       		.uleb128 0x49
 1287 00d5 13       		.uleb128 0x13
 1288 00d6 38       		.uleb128 0x38
 1289 00d7 05       		.uleb128 0x5
 1290 00d8 00       		.byte	0
 1291 00d9 00       		.byte	0
 1292 00da 13       		.uleb128 0x13
 1293 00db 15       		.uleb128 0x15
 1294 00dc 00       		.byte	0
 1295 00dd 27       		.uleb128 0x27
 1296 00de 19       		.uleb128 0x19
 1297 00df 00       		.byte	0
 1298 00e0 00       		.byte	0
 1299 00e1 14       		.uleb128 0x14
 1300 00e2 15       		.uleb128 0x15
 1301 00e3 01       		.byte	0x1
 1302 00e4 27       		.uleb128 0x27
 1303 00e5 19       		.uleb128 0x19
 1304 00e6 49       		.uleb128 0x49
 1305 00e7 13       		.uleb128 0x13
 1306 00e8 01       		.uleb128 0x1
 1307 00e9 13       		.uleb128 0x13
 1308 00ea 00       		.byte	0
 1309 00eb 00       		.byte	0
 1310 00ec 15       		.uleb128 0x15
 1311 00ed 05       		.uleb128 0x5
ARM GAS  /tmp/ccVhGGzv.s 			page 24


 1312 00ee 00       		.byte	0
 1313 00ef 49       		.uleb128 0x49
 1314 00f0 13       		.uleb128 0x13
 1315 00f1 00       		.byte	0
 1316 00f2 00       		.byte	0
 1317 00f3 16       		.uleb128 0x16
 1318 00f4 13       		.uleb128 0x13
 1319 00f5 01       		.byte	0x1
 1320 00f6 03       		.uleb128 0x3
 1321 00f7 0E       		.uleb128 0xe
 1322 00f8 0B       		.uleb128 0xb
 1323 00f9 05       		.uleb128 0x5
 1324 00fa 3A       		.uleb128 0x3a
 1325 00fb 0B       		.uleb128 0xb
 1326 00fc 3B       		.uleb128 0x3b
 1327 00fd 05       		.uleb128 0x5
 1328 00fe 01       		.uleb128 0x1
 1329 00ff 13       		.uleb128 0x13
 1330 0100 00       		.byte	0
 1331 0101 00       		.byte	0
 1332 0102 17       		.uleb128 0x17
 1333 0103 0D       		.uleb128 0xd
 1334 0104 00       		.byte	0
 1335 0105 03       		.uleb128 0x3
 1336 0106 0E       		.uleb128 0xe
 1337 0107 3A       		.uleb128 0x3a
 1338 0108 0B       		.uleb128 0xb
 1339 0109 3B       		.uleb128 0x3b
 1340 010a 05       		.uleb128 0x5
 1341 010b 49       		.uleb128 0x49
 1342 010c 13       		.uleb128 0x13
 1343 010d 38       		.uleb128 0x38
 1344 010e 0B       		.uleb128 0xb
 1345 010f 00       		.byte	0
 1346 0110 00       		.byte	0
 1347 0111 18       		.uleb128 0x18
 1348 0112 0D       		.uleb128 0xd
 1349 0113 00       		.byte	0
 1350 0114 03       		.uleb128 0x3
 1351 0115 0E       		.uleb128 0xe
 1352 0116 3A       		.uleb128 0x3a
 1353 0117 0B       		.uleb128 0xb
 1354 0118 3B       		.uleb128 0x3b
 1355 0119 05       		.uleb128 0x5
 1356 011a 49       		.uleb128 0x49
 1357 011b 13       		.uleb128 0x13
 1358 011c 38       		.uleb128 0x38
 1359 011d 05       		.uleb128 0x5
 1360 011e 00       		.byte	0
 1361 011f 00       		.byte	0
 1362 0120 19       		.uleb128 0x19
 1363 0121 13       		.uleb128 0x13
 1364 0122 01       		.byte	0x1
 1365 0123 03       		.uleb128 0x3
 1366 0124 0E       		.uleb128 0xe
 1367 0125 0B       		.uleb128 0xb
 1368 0126 0B       		.uleb128 0xb
ARM GAS  /tmp/ccVhGGzv.s 			page 25


 1369 0127 3A       		.uleb128 0x3a
 1370 0128 0B       		.uleb128 0xb
 1371 0129 3B       		.uleb128 0x3b
 1372 012a 05       		.uleb128 0x5
 1373 012b 01       		.uleb128 0x1
 1374 012c 13       		.uleb128 0x13
 1375 012d 00       		.byte	0
 1376 012e 00       		.byte	0
 1377 012f 1A       		.uleb128 0x1a
 1378 0130 13       		.uleb128 0x13
 1379 0131 01       		.byte	0x1
 1380 0132 0B       		.uleb128 0xb
 1381 0133 0B       		.uleb128 0xb
 1382 0134 3A       		.uleb128 0x3a
 1383 0135 0B       		.uleb128 0xb
 1384 0136 3B       		.uleb128 0x3b
 1385 0137 05       		.uleb128 0x5
 1386 0138 01       		.uleb128 0x1
 1387 0139 13       		.uleb128 0x13
 1388 013a 00       		.byte	0
 1389 013b 00       		.byte	0
 1390 013c 1B       		.uleb128 0x1b
 1391 013d 17       		.uleb128 0x17
 1392 013e 01       		.byte	0x1
 1393 013f 0B       		.uleb128 0xb
 1394 0140 0B       		.uleb128 0xb
 1395 0141 3A       		.uleb128 0x3a
 1396 0142 0B       		.uleb128 0xb
 1397 0143 3B       		.uleb128 0x3b
 1398 0144 05       		.uleb128 0x5
 1399 0145 01       		.uleb128 0x1
 1400 0146 13       		.uleb128 0x13
 1401 0147 00       		.byte	0
 1402 0148 00       		.byte	0
 1403 0149 1C       		.uleb128 0x1c
 1404 014a 0D       		.uleb128 0xd
 1405 014b 00       		.byte	0
 1406 014c 03       		.uleb128 0x3
 1407 014d 0E       		.uleb128 0xe
 1408 014e 3A       		.uleb128 0x3a
 1409 014f 0B       		.uleb128 0xb
 1410 0150 3B       		.uleb128 0x3b
 1411 0151 05       		.uleb128 0x5
 1412 0152 49       		.uleb128 0x49
 1413 0153 13       		.uleb128 0x13
 1414 0154 00       		.byte	0
 1415 0155 00       		.byte	0
 1416 0156 1D       		.uleb128 0x1d
 1417 0157 15       		.uleb128 0x15
 1418 0158 01       		.byte	0x1
 1419 0159 27       		.uleb128 0x27
 1420 015a 19       		.uleb128 0x19
 1421 015b 01       		.uleb128 0x1
 1422 015c 13       		.uleb128 0x13
 1423 015d 00       		.byte	0
 1424 015e 00       		.byte	0
 1425 015f 1E       		.uleb128 0x1e
ARM GAS  /tmp/ccVhGGzv.s 			page 26


 1426 0160 34       		.uleb128 0x34
 1427 0161 00       		.byte	0
 1428 0162 03       		.uleb128 0x3
 1429 0163 0E       		.uleb128 0xe
 1430 0164 3A       		.uleb128 0x3a
 1431 0165 0B       		.uleb128 0xb
 1432 0166 3B       		.uleb128 0x3b
 1433 0167 05       		.uleb128 0x5
 1434 0168 49       		.uleb128 0x49
 1435 0169 13       		.uleb128 0x13
 1436 016a 3F       		.uleb128 0x3f
 1437 016b 19       		.uleb128 0x19
 1438 016c 3C       		.uleb128 0x3c
 1439 016d 19       		.uleb128 0x19
 1440 016e 00       		.byte	0
 1441 016f 00       		.byte	0
 1442 0170 1F       		.uleb128 0x1f
 1443 0171 34       		.uleb128 0x34
 1444 0172 00       		.byte	0
 1445 0173 03       		.uleb128 0x3
 1446 0174 0E       		.uleb128 0xe
 1447 0175 3A       		.uleb128 0x3a
 1448 0176 0B       		.uleb128 0xb
 1449 0177 3B       		.uleb128 0x3b
 1450 0178 0B       		.uleb128 0xb
 1451 0179 49       		.uleb128 0x49
 1452 017a 13       		.uleb128 0x13
 1453 017b 3F       		.uleb128 0x3f
 1454 017c 19       		.uleb128 0x19
 1455 017d 3C       		.uleb128 0x3c
 1456 017e 19       		.uleb128 0x19
 1457 017f 00       		.byte	0
 1458 0180 00       		.byte	0
 1459 0181 00       		.byte	0
 1460              		.section	.debug_aranges,"",%progbits
 1461 0000 14000000 		.4byte	0x14
 1462 0004 0200     		.2byte	0x2
 1463 0006 00000000 		.4byte	.Ldebug_info0
 1464 000a 04       		.byte	0x4
 1465 000b 00       		.byte	0
 1466 000c 0000     		.2byte	0
 1467 000e 0000     		.2byte	0
 1468 0010 00000000 		.4byte	0
 1469 0014 00000000 		.4byte	0
 1470              		.section	.debug_line,"",%progbits
 1471              	.Ldebug_line0:
 1472 0000 E0000000 		.section	.debug_str,"MS",%progbits,1
 1472      0200DA00 
 1472      00000201 
 1472      FB0E0D00 
 1472      01010101 
 1473              	.LASF40:
 1474 0000 5F64736F 		.ascii	"_dso_handle\000"
 1474      5F68616E 
 1474      646C6500 
 1475              	.LASF48:
 1476 000c 5F73697A 		.ascii	"_size\000"
ARM GAS  /tmp/ccVhGGzv.s 			page 27


 1476      6500
 1477              	.LASF92:
 1478 0012 5F72616E 		.ascii	"_rand48\000"
 1478      64343800 
 1479              	.LASF72:
 1480 001a 5F656D65 		.ascii	"_emergency\000"
 1480      7267656E 
 1480      637900
 1481              	.LASF62:
 1482 0025 5F646174 		.ascii	"_data\000"
 1482      6100
 1483              	.LASF112:
 1484 002b 5F776372 		.ascii	"_wcrtomb_state\000"
 1484      746F6D62 
 1484      5F737461 
 1484      746500
 1485              	.LASF113:
 1486 003a 5F776373 		.ascii	"_wcsrtombs_state\000"
 1486      72746F6D 
 1486      62735F73 
 1486      74617465 
 1486      00
 1487              	.LASF8:
 1488 004b 6C6F6E67 		.ascii	"long long unsigned int\000"
 1488      206C6F6E 
 1488      6720756E 
 1488      7369676E 
 1488      65642069 
 1489              	.LASF52:
 1490 0062 5F6C6266 		.ascii	"_lbfsize\000"
 1490      73697A65 
 1490      00
 1491              	.LASF110:
 1492 006b 5F6D6272 		.ascii	"_mbrtowc_state\000"
 1492      746F7763 
 1492      5F737461 
 1492      746500
 1493              	.LASF105:
 1494 007a 5F776374 		.ascii	"_wctomb_state\000"
 1494      6F6D625F 
 1494      73746174 
 1494      6500
 1495              	.LASF29:
 1496 0088 5F5F746D 		.ascii	"__tm_sec\000"
 1496      5F736563 
 1496      00
 1497              	.LASF7:
 1498 0091 6C6F6E67 		.ascii	"long long int\000"
 1498      206C6F6E 
 1498      6720696E 
 1498      7400
 1499              	.LASF1:
 1500 009f 7369676E 		.ascii	"signed char\000"
 1500      65642063 
 1500      68617200 
 1501              	.LASF58:
 1502 00ab 5F756275 		.ascii	"_ubuf\000"
ARM GAS  /tmp/ccVhGGzv.s 			page 28


 1502      6600
 1503              	.LASF47:
 1504 00b1 5F626173 		.ascii	"_base\000"
 1504      6500
 1505              	.LASF31:
 1506 00b7 5F5F746D 		.ascii	"__tm_hour\000"
 1506      5F686F75 
 1506      7200
 1507              	.LASF87:
 1508 00c1 5F5F7366 		.ascii	"__sf\000"
 1508      00
 1509              	.LASF38:
 1510 00c6 5F6F6E5F 		.ascii	"_on_exit_args\000"
 1510      65786974 
 1510      5F617267 
 1510      7300
 1511              	.LASF53:
 1512 00d4 5F636F6F 		.ascii	"_cookie\000"
 1512      6B696500 
 1513              	.LASF86:
 1514 00dc 5F5F7367 		.ascii	"__sglue\000"
 1514      6C756500 
 1515              	.LASF5:
 1516 00e4 6C6F6E67 		.ascii	"long int\000"
 1516      20696E74 
 1516      00
 1517              	.LASF50:
 1518 00ed 5F666C61 		.ascii	"_flags\000"
 1518      677300
 1519              	.LASF42:
 1520 00f4 5F69735F 		.ascii	"_is_cxa\000"
 1520      63786100 
 1521              	.LASF68:
 1522 00fc 5F737464 		.ascii	"_stdin\000"
 1522      696E00
 1523              	.LASF60:
 1524 0103 5F626C6B 		.ascii	"_blksize\000"
 1524      73697A65 
 1524      00
 1525              	.LASF82:
 1526 010c 5F637674 		.ascii	"_cvtbuf\000"
 1526      62756600 
 1527              	.LASF61:
 1528 0114 5F6F6666 		.ascii	"_offset\000"
 1528      73657400 
 1529              	.LASF111:
 1530 011c 5F6D6273 		.ascii	"_mbsrtowcs_state\000"
 1530      72746F77 
 1530      63735F73 
 1530      74617465 
 1530      00
 1531              	.LASF109:
 1532 012d 5F6D6272 		.ascii	"_mbrlen_state\000"
 1532      6C656E5F 
 1532      73746174 
 1532      6500
 1533              	.LASF39:
ARM GAS  /tmp/ccVhGGzv.s 			page 29


 1534 013b 5F666E61 		.ascii	"_fnargs\000"
 1534      72677300 
 1535              	.LASF45:
 1536 0143 5F666E73 		.ascii	"_fns\000"
 1536      00
 1537              	.LASF9:
 1538 0148 5F5F7569 		.ascii	"__uint32_t\000"
 1538      6E743332 
 1538      5F7400
 1539              	.LASF25:
 1540 0153 5F736967 		.ascii	"_sign\000"
 1540      6E00
 1541              	.LASF20:
 1542 0159 5F666C6F 		.ascii	"_flock_t\000"
 1542      636B5F74 
 1542      00
 1543              	.LASF70:
 1544 0162 5F737464 		.ascii	"_stderr\000"
 1544      65727200 
 1545              	.LASF27:
 1546 016a 5F426967 		.ascii	"_Bigint\000"
 1546      696E7400 
 1547              	.LASF100:
 1548 0172 5F67616D 		.ascii	"_gamma_signgam\000"
 1548      6D615F73 
 1548      69676E67 
 1548      616D00
 1549              	.LASF124:
 1550 0181 2F686F6D 		.ascii	"/home/sls/workspace/stm32f103c8-blink\000"
 1550      652F736C 
 1550      732F776F 
 1550      726B7370 
 1550      6163652F 
 1551              	.LASF78:
 1552 01a7 5F726573 		.ascii	"_result_k\000"
 1552      756C745F 
 1552      6B00
 1553              	.LASF28:
 1554 01b1 5F5F746D 		.ascii	"__tm\000"
 1554      00
 1555              	.LASF0:
 1556 01b6 756E7369 		.ascii	"unsigned int\000"
 1556      676E6564 
 1556      20696E74 
 1556      00
 1557              	.LASF15:
 1558 01c3 5F5F7763 		.ascii	"__wchb\000"
 1558      686200
 1559              	.LASF121:
 1560 01ca 53797374 		.ascii	"SystemCoreClock\000"
 1560      656D436F 
 1560      7265436C 
 1560      6F636B00 
 1561              	.LASF69:
 1562 01da 5F737464 		.ascii	"_stdout\000"
 1562      6F757400 
 1563              	.LASF81:
ARM GAS  /tmp/ccVhGGzv.s 			page 30


 1564 01e2 5F637674 		.ascii	"_cvtlen\000"
 1564      6C656E00 
 1565              	.LASF6:
 1566 01ea 6C6F6E67 		.ascii	"long unsigned int\000"
 1566      20756E73 
 1566      69676E65 
 1566      6420696E 
 1566      7400
 1567              	.LASF51:
 1568 01fc 5F66696C 		.ascii	"_file\000"
 1568      6500
 1569              	.LASF90:
 1570 0202 5F6E696F 		.ascii	"_niobs\000"
 1570      627300
 1571              	.LASF4:
 1572 0209 73686F72 		.ascii	"short unsigned int\000"
 1572      7420756E 
 1572      7369676E 
 1572      65642069 
 1572      6E7400
 1573              	.LASF84:
 1574 021c 5F617465 		.ascii	"_atexit0\000"
 1574      78697430 
 1574      00
 1575              	.LASF107:
 1576 0225 5F736967 		.ascii	"_signal_buf\000"
 1576      6E616C5F 
 1576      62756600 
 1577              	.LASF98:
 1578 0231 5F617363 		.ascii	"_asctime_buf\000"
 1578      74696D65 
 1578      5F627566 
 1578      00
 1579              	.LASF77:
 1580 023e 5F726573 		.ascii	"_result\000"
 1580      756C7400 
 1581              	.LASF14:
 1582 0246 5F5F7763 		.ascii	"__wch\000"
 1582      6800
 1583              	.LASF13:
 1584 024c 77696E74 		.ascii	"wint_t\000"
 1584      5F7400
 1585              	.LASF63:
 1586 0253 5F6C6F63 		.ascii	"_lock\000"
 1586      6B00
 1587              	.LASF65:
 1588 0259 5F666C61 		.ascii	"_flags2\000"
 1588      67733200 
 1589              	.LASF55:
 1590 0261 5F777269 		.ascii	"_write\000"
 1590      746500
 1591              	.LASF34:
 1592 0268 5F5F746D 		.ascii	"__tm_year\000"
 1592      5F796561 
 1592      7200
 1593              	.LASF16:
 1594 0272 73697A65 		.ascii	"sizetype\000"
ARM GAS  /tmp/ccVhGGzv.s 			page 31


 1594      74797065 
 1594      00
 1595              	.LASF115:
 1596 027b 5F6E6578 		.ascii	"_nextf\000"
 1596      746600
 1597              	.LASF33:
 1598 0282 5F5F746D 		.ascii	"__tm_mon\000"
 1598      5F6D6F6E 
 1598      00
 1599              	.LASF43:
 1600 028b 5F617465 		.ascii	"_atexit\000"
 1600      78697400 
 1601              	.LASF75:
 1602 0293 5F5F7364 		.ascii	"__sdidinit\000"
 1602      6964696E 
 1602      697400
 1603              	.LASF11:
 1604 029e 5F6F6666 		.ascii	"_off_t\000"
 1604      5F7400
 1605              	.LASF122:
 1606 02a5 474E5520 		.ascii	"GNU C99 6.3.1 20170620 -mthumb -mcpu=cortex-m3 -g -"
 1606      43393920 
 1606      362E332E 
 1606      31203230 
 1606      31373036 
 1607 02d8 7374643D 		.ascii	"std=c99 -fno-common\000"
 1607      63393920 
 1607      2D666E6F 
 1607      2D636F6D 
 1607      6D6F6E00 
 1608              	.LASF80:
 1609 02ec 5F667265 		.ascii	"_freelist\000"
 1609      656C6973 
 1609      7400
 1610              	.LASF10:
 1611 02f6 5F4C4F43 		.ascii	"_LOCK_RECURSIVE_T\000"
 1611      4B5F5245 
 1611      43555253 
 1611      4956455F 
 1611      5400
 1612              	.LASF54:
 1613 0308 5F726561 		.ascii	"_read\000"
 1613      6400
 1614              	.LASF2:
 1615 030e 756E7369 		.ascii	"unsigned char\000"
 1615      676E6564 
 1615      20636861 
 1615      7200
 1616              	.LASF83:
 1617 031c 5F6E6577 		.ascii	"_new\000"
 1617      00
 1618              	.LASF114:
 1619 0321 5F685F65 		.ascii	"_h_errno\000"
 1619      72726E6F 
 1619      00
 1620              	.LASF3:
 1621 032a 73686F72 		.ascii	"short int\000"
ARM GAS  /tmp/ccVhGGzv.s 			page 32


 1621      7420696E 
 1621      7400
 1622              	.LASF36:
 1623 0334 5F5F746D 		.ascii	"__tm_yday\000"
 1623      5F796461 
 1623      7900
 1624              	.LASF46:
 1625 033e 5F5F7362 		.ascii	"__sbuf\000"
 1625      756600
 1626              	.LASF91:
 1627 0345 5F696F62 		.ascii	"_iobs\000"
 1627      7300
 1628              	.LASF88:
 1629 034b 5F5F4649 		.ascii	"__FILE\000"
 1629      4C4500
 1630              	.LASF19:
 1631 0352 5F6D6273 		.ascii	"_mbstate_t\000"
 1631      74617465 
 1631      5F7400
 1632              	.LASF49:
 1633 035d 5F5F7346 		.ascii	"__sFILE\000"
 1633      494C4500 
 1634              	.LASF64:
 1635 0365 5F6D6273 		.ascii	"_mbstate\000"
 1635      74617465 
 1635      00
 1636              	.LASF101:
 1637 036e 5F72616E 		.ascii	"_rand_next\000"
 1637      645F6E65 
 1637      787400
 1638              	.LASF103:
 1639 0379 5F6D626C 		.ascii	"_mblen_state\000"
 1639      656E5F73 
 1639      74617465 
 1639      00
 1640              	.LASF71:
 1641 0386 5F696E63 		.ascii	"_inc\000"
 1641      00
 1642              	.LASF44:
 1643 038b 5F696E64 		.ascii	"_ind\000"
 1643      00
 1644              	.LASF74:
 1645 0390 5F637572 		.ascii	"_current_locale\000"
 1645      72656E74 
 1645      5F6C6F63 
 1645      616C6500 
 1646              	.LASF76:
 1647 03a0 5F5F636C 		.ascii	"__cleanup\000"
 1647      65616E75 
 1647      7000
 1648              	.LASF24:
 1649 03aa 5F6D6178 		.ascii	"_maxwds\000"
 1649      77647300 
 1650              	.LASF66:
 1651 03b2 5F726565 		.ascii	"_reent\000"
 1651      6E7400
 1652              	.LASF93:
ARM GAS  /tmp/ccVhGGzv.s 			page 33


 1653 03b9 5F736565 		.ascii	"_seed\000"
 1653      6400
 1654              	.LASF17:
 1655 03bf 5F5F636F 		.ascii	"__count\000"
 1655      756E7400 
 1656              	.LASF18:
 1657 03c7 5F5F7661 		.ascii	"__value\000"
 1657      6C756500 
 1658              	.LASF56:
 1659 03cf 5F736565 		.ascii	"_seek\000"
 1659      6B00
 1660              	.LASF118:
 1661 03d5 5F696D70 		.ascii	"_impure_ptr\000"
 1661      7572655F 
 1661      70747200 
 1662              	.LASF12:
 1663 03e1 5F66706F 		.ascii	"_fpos_t\000"
 1663      735F7400 
 1664              	.LASF67:
 1665 03e9 5F657272 		.ascii	"_errno\000"
 1665      6E6F00
 1666              	.LASF21:
 1667 03f0 63686172 		.ascii	"char\000"
 1667      00
 1668              	.LASF30:
 1669 03f5 5F5F746D 		.ascii	"__tm_min\000"
 1669      5F6D696E 
 1669      00
 1670              	.LASF94:
 1671 03fe 5F6D756C 		.ascii	"_mult\000"
 1671      7400
 1672              	.LASF23:
 1673 0404 5F6E6578 		.ascii	"_next\000"
 1673      7400
 1674              	.LASF97:
 1675 040a 5F737472 		.ascii	"_strtok_last\000"
 1675      746F6B5F 
 1675      6C617374 
 1675      00
 1676              	.LASF41:
 1677 0417 5F666E74 		.ascii	"_fntypes\000"
 1677      79706573 
 1677      00
 1678              	.LASF95:
 1679 0420 5F616464 		.ascii	"_add\000"
 1679      00
 1680              	.LASF22:
 1681 0425 5F5F554C 		.ascii	"__ULong\000"
 1681      6F6E6700 
 1682              	.LASF108:
 1683 042d 5F676574 		.ascii	"_getdate_err\000"
 1683      64617465 
 1683      5F657272 
 1683      00
 1684              	.LASF119:
 1685 043a 5F676C6F 		.ascii	"_global_impure_ptr\000"
 1685      62616C5F 
ARM GAS  /tmp/ccVhGGzv.s 			page 34


 1685      696D7075 
 1685      72655F70 
 1685      747200
 1686              	.LASF73:
 1687 044d 5F637572 		.ascii	"_current_category\000"
 1687      72656E74 
 1687      5F636174 
 1687      65676F72 
 1687      7900
 1688              	.LASF120:
 1689 045f 75696E74 		.ascii	"uint32_t\000"
 1689      33325F74 
 1689      00
 1690              	.LASF96:
 1691 0468 5F756E75 		.ascii	"_unused_rand\000"
 1691      7365645F 
 1691      72616E64 
 1691      00
 1692              	.LASF26:
 1693 0475 5F776473 		.ascii	"_wds\000"
 1693      00
 1694              	.LASF35:
 1695 047a 5F5F746D 		.ascii	"__tm_wday\000"
 1695      5F776461 
 1695      7900
 1696              	.LASF89:
 1697 0484 5F676C75 		.ascii	"_glue\000"
 1697      6500
 1698              	.LASF116:
 1699 048a 5F6E6D61 		.ascii	"_nmalloc\000"
 1699      6C6C6F63 
 1699      00
 1700              	.LASF106:
 1701 0493 5F6C3634 		.ascii	"_l64a_buf\000"
 1701      615F6275 
 1701      6600
 1702              	.LASF85:
 1703 049d 5F736967 		.ascii	"_sig_func\000"
 1703      5F66756E 
 1703      6300
 1704              	.LASF59:
 1705 04a7 5F6E6275 		.ascii	"_nbuf\000"
 1705      6600
 1706              	.LASF117:
 1707 04ad 5F756E75 		.ascii	"_unused\000"
 1707      73656400 
 1708              	.LASF37:
 1709 04b5 5F5F746D 		.ascii	"__tm_isdst\000"
 1709      5F697364 
 1709      737400
 1710              	.LASF99:
 1711 04c0 5F6C6F63 		.ascii	"_localtime_buf\000"
 1711      616C7469 
 1711      6D655F62 
 1711      756600
 1712              	.LASF123:
 1713 04cf 46726565 		.ascii	"FreeRTOS/Source/timers.c\000"
ARM GAS  /tmp/ccVhGGzv.s 			page 35


 1713      52544F53 
 1713      2F536F75 
 1713      7263652F 
 1713      74696D65 
 1714              	.LASF57:
 1715 04e8 5F636C6F 		.ascii	"_close\000"
 1715      736500
 1716              	.LASF102:
 1717 04ef 5F723438 		.ascii	"_r48\000"
 1717      00
 1718              	.LASF104:
 1719 04f4 5F6D6274 		.ascii	"_mbtowc_state\000"
 1719      6F77635F 
 1719      73746174 
 1719      6500
 1720              	.LASF79:
 1721 0502 5F703573 		.ascii	"_p5s\000"
 1721      00
 1722              	.LASF32:
 1723 0507 5F5F746D 		.ascii	"__tm_mday\000"
 1723      5F6D6461 
 1723      7900
 1724              		.ident	"GCC: (15:6.3.1+svn253039-1build1) 6.3.1 20170620"
ARM GAS  /tmp/ccVhGGzv.s 			page 36


DEFINED SYMBOLS
                            *ABS*:0000000000000000 timers.c

NO UNDEFINED SYMBOLS
